--------------- Build Started: 12/13/2017 20:04:31 Project: FW_Fan_Control01, Configuration: ARM GCC 4.7.3 Debug ---------------
cydsfit.exe "-.appdatapath" "C:\Users\BertoTech\AppData\Local\Cypress Semiconductor\PSoC Creator\3.0" "-.fdsnotice" "-.fdswarpdepfile=warp_dependencies.txt" "-.fdselabdepfile=elab_dependencies.txt" "-.fdsbldfile=generated_files.txt" "-p" "D:\Users\BertoTech\Documents\PID\FW_Fan_Control01.cydsn\FW_Fan_Control01.cyprj" "-d" "CY8C5868AXI-LP035" "-s" "D:\Users\BertoTech\Documents\PID\FW_Fan_Control01.cydsn\Generated_Source\PSoC5" "--" "-yv2" "-v3" "-ygs" "-q10" "-o2" "-.fftcfgtype=LE"
Elaborating Design...
HDL Generation ...
Synthesis ...
Place and Route ...
Tech mapping ...
Info: mpr.M0037: Unused pieces of the design have been optimized out. See the Tech mapping section of the report file for details. (App=cydsfit)
Analog Placement ...
Info: apr.M0002: Analog signal "\ADC_DelSig_1:Net_690\" is connected to one terminal only. (App=cydsfit)
Analog Routing ...
Analog Code Generation ...
Digital Placement ...
Digital Routing ...
Bitstream Generation ...
Static timing analysis ...
API Generation ...
Dependency Generation ...
Clean Temporary Files ...
arm-none-eabi-gcc.exe -I. -I./Generated_Source/PSoC5 -Wno-main -mcpu=cortex-m3 -mthumb -Wall -g -D DEBUG -Wa,-alh=.\CortexM3\ARM_GCC_473\Debug\end_echo_IRR.lst -ffunction-sections -c .\Generated_Source\PSoC5\end_echo_IRR.c -o .\CortexM3\ARM_GCC_473\Debug\end_echo_IRR.o
arm-none-eabi-gcc.exe -I. -I./Generated_Source/PSoC5 -Wno-main -mcpu=cortex-m3 -mthumb -Wall -g -D DEBUG -Wa,-alh=.\CortexM3\ARM_GCC_473\Debug\start_echo_IRR.lst -ffunction-sections -c .\Generated_Source\PSoC5\start_echo_IRR.c -o .\CortexM3\ARM_GCC_473\Debug\start_echo_IRR.o
arm-none-eabi-ar.exe -rs .\CortexM3\ARM_GCC_473\Debug\FW_Fan_Control01.a .\CortexM3\ARM_GCC_473\Debug\cyfitter_cfg.o .\CortexM3\ARM_GCC_473\Debug\LCD.o .\CortexM3\ARM_GCC_473\Debug\LCD_PM.o .\CortexM3\ARM_GCC_473\Debug\FanController.o .\CortexM3\ARM_GCC_473\Debug\FanController_INT.o .\CortexM3\ARM_GCC_473\Debug\tach_1.o .\CortexM3\ARM_GCC_473\Debug\pwm_1.o .\CortexM3\ARM_GCC_473\Debug\EOC_SR.o .\CortexM3\ARM_GCC_473\Debug\Clock_1.o .\CortexM3\ARM_GCC_473\Debug\Clock_2.o .\CortexM3\ARM_GCC_473\Debug\ADC_DelSig_1.o .\CortexM3\ARM_GCC_473\Debug\ADC_DelSig_1_PM.o .\CortexM3\ARM_GCC_473\Debug\ADC_DelSig_1_INT.o .\CortexM3\ARM_GCC_473\Debug\Pin_1.o .\CortexM3\ARM_GCC_473\Debug\LCD_LCDPort.o .\CortexM3\ARM_GCC_473\Debug\ADC_DelSig_1_AMux.o .\CortexM3\ARM_GCC_473\Debug\ADC_DelSig_1_Ext_CP_Clk.o .\CortexM3\ARM_GCC_473\Debug\ADC_DelSig_1_IRQ.o .\CortexM3\ARM_GCC_473\Debug\ADC_DelSig_1_theACLK.o .\CortexM3\ARM_GCC_473\Debug\CyBootAsmGnu.o .\CortexM3\ARM_GCC_473\Debug\CyDmac.o .\CortexM3\ARM_GCC_473\Debug\CyFlash.o .\CortexM3\ARM_GCC_473\Debug\CyLib.o .\CortexM3\ARM_GCC_473\Debug\cyPm.o .\CortexM3\ARM_GCC_473\Debug\CySpc.o .\CortexM3\ARM_GCC_473\Debug\cyutils.o .\CortexM3\ARM_GCC_473\Debug\Trigger_Timer.o .\CortexM3\ARM_GCC_473\Debug\Trigger_Timer_PM.o .\CortexM3\ARM_GCC_473\Debug\clock_3.o .\CortexM3\ARM_GCC_473\Debug\P0_1.o .\CortexM3\ARM_GCC_473\Debug\Echo_Timer.o .\CortexM3\ARM_GCC_473\Debug\Echo_Timer_PM.o .\CortexM3\ARM_GCC_473\Debug\clock_4.o .\CortexM3\ARM_GCC_473\Debug\Pin_2.o .\CortexM3\ARM_GCC_473\Debug\end_echo_IRR.o .\CortexM3\ARM_GCC_473\Debug\start_echo_IRR.o
arm-none-eabi-ar.exe: creating .\CortexM3\ARM_GCC_473\Debug\FW_Fan_Control01.a
arm-none-eabi-gcc.exe -mthumb -march=armv7-m -mfix-cortex-m3-ldrd -T .\Generated_Source\PSoC5\cm3gcc.ld -g -Wl,-Map,.\CortexM3\ARM_GCC_473\Debug\FW_Fan_Control01.map -specs=nano.specs -Wl,--gc-sections -Wl,--start-group -o .\CortexM3\ARM_GCC_473\Debug\FW_Fan_Control01.elf .\CortexM3\ARM_GCC_473\Debug\main.o .\CortexM3\ARM_GCC_473\Debug\cymetadata.o .\CortexM3\ARM_GCC_473\Debug\Cm3Start.o .\CortexM3\ARM_GCC_473\Debug\FW_Fan_Control01.a "C:\Program Files (x86)\Cypress\PSoC Creator\3.0\PSoC Creator\psoc\content\cycomponentlibrary\CyComponentLibrary.cylib\CortexM3\ARM_GCC_473\Debug\CyComponentLibrary.a" -Wl,--end-group
.\CortexM3\ARM_GCC_473\Debug\FW_Fan_Control01.a(end_echo_IRR.o): In function `end_echo_IRR_Interrupt':
D:\Users\BertoTech\Documents\PID\FW_Fan_Control01.cydsn/.\Generated_Source\PSoC5/end_echo_IRR.c:143: multiple definition of `end_echo_IRR_Interrupt'
.\CortexM3\ARM_GCC_473\Debug\main.o:D:\Users\BertoTech\Documents\PID\FW_Fan_Control01.cydsn/.\main.c:88: first defined here
.\CortexM3\ARM_GCC_473\Debug\FW_Fan_Control01.a(start_echo_IRR.o): In function `start_echo_IRR_Interrupt':
D:\Users\BertoTech\Documents\PID\FW_Fan_Control01.cydsn/.\Generated_Source\PSoC5/start_echo_IRR.c:143: multiple definition of `start_echo_IRR_Interrupt'
.\CortexM3\ARM_GCC_473\Debug\main.o:D:\Users\BertoTech\Documents\PID\FW_Fan_Control01.cydsn/.\main.c:76: first defined here
collect2.exe: error: ld returned 1 exit status
The command 'arm-none-eabi-gcc.exe' failed with exit code '1'.
--------------- Build Failed: 12/13/2017 20:05:43 ---------------
