--------------- Clean Started: 12/05/2017 16:24:39 Project: FW_Fan_Control01, Configuration: ARM GCC 4.7.3 Debug ---------------
Deleting file ".\CortexM3\ARM_GCC_473\Debug\main.o"
Deleting file ".\CortexM3\ARM_GCC_473\Debug\cyfitter_cfg.o"
Deleting file ".\CortexM3\ARM_GCC_473\Debug\cymetadata.o"
Deleting file ".\CortexM3\ARM_GCC_473\Debug\LCD.o"
Deleting file ".\CortexM3\ARM_GCC_473\Debug\LCD_PM.o"
Deleting file ".\CortexM3\ARM_GCC_473\Debug\FanController.o"
Deleting file ".\CortexM3\ARM_GCC_473\Debug\FanController_INT.o"
Deleting file ".\CortexM3\ARM_GCC_473\Debug\tach_1.o"
Deleting file ".\CortexM3\ARM_GCC_473\Debug\pwm_1.o"
Deleting file ".\CortexM3\ARM_GCC_473\Debug\EOC_SR.o"
Deleting file ".\CortexM3\ARM_GCC_473\Debug\Clock_1.o"
Deleting file ".\CortexM3\ARM_GCC_473\Debug\Clock_2.o"
Deleting file ".\CortexM3\ARM_GCC_473\Debug\ADC_DelSig_1.o"
Deleting file ".\CortexM3\ARM_GCC_473\Debug\ADC_DelSig_1_PM.o"
Deleting file ".\CortexM3\ARM_GCC_473\Debug\ADC_DelSig_1_INT.o"
Deleting file ".\CortexM3\ARM_GCC_473\Debug\Pin_1.o"
Deleting file ".\CortexM3\ARM_GCC_473\Debug\LCD_LCDPort.o"
Deleting file ".\CortexM3\ARM_GCC_473\Debug\ADC_DelSig_1_AMux.o"
Deleting file ".\CortexM3\ARM_GCC_473\Debug\ADC_DelSig_1_Ext_CP_Clk.o"
Deleting file ".\CortexM3\ARM_GCC_473\Debug\ADC_DelSig_1_IRQ.o"
Deleting file ".\CortexM3\ARM_GCC_473\Debug\ADC_DelSig_1_theACLK.o"
Deleting file ".\CortexM3\ARM_GCC_473\Debug\Cm3Start.o"
Deleting file ".\CortexM3\ARM_GCC_473\Debug\CyBootAsmGnu.o"
Deleting file ".\CortexM3\ARM_GCC_473\Debug\CyDmac.o"
Deleting file ".\CortexM3\ARM_GCC_473\Debug\CyFlash.o"
Deleting file ".\CortexM3\ARM_GCC_473\Debug\CyLib.o"
Deleting file ".\CortexM3\ARM_GCC_473\Debug\cyPm.o"
Deleting file ".\CortexM3\ARM_GCC_473\Debug\CySpc.o"
Deleting file ".\CortexM3\ARM_GCC_473\Debug\cyutils.o"
Deleting file ".\CortexM3\ARM_GCC_473\Debug\Trigger_Timer.o"
Deleting file ".\CortexM3\ARM_GCC_473\Debug\Trigger_Timer_PM.o"
Deleting file ".\CortexM3\ARM_GCC_473\Debug\clock_3.o"
Deleting file ".\CortexM3\ARM_GCC_473\Debug\P0_1.o"
Deleting file ".\CortexM3\ARM_GCC_473\Debug\Echo_Timer.o"
Deleting file ".\CortexM3\ARM_GCC_473\Debug\Echo_Timer_PM.o"
Deleting file ".\CortexM3\ARM_GCC_473\Debug\clock_4.o"
Deleting file ".\CortexM3\ARM_GCC_473\Debug\Pin_2.o"
Deleting file ".\CortexM3\ARM_GCC_473\Debug\end_echo_IRR.o"
Deleting file ".\CortexM3\ARM_GCC_473\Debug\start_echo_IRR.o"
Deleting file ".\CortexM3\ARM_GCC_473\Debug\FW_Fan_Control01.hex"
Deleting file ".\CortexM3\ARM_GCC_473\Debug\FW_Fan_Control01.elf"
Deleting file ".\CortexM3\ARM_GCC_473\Debug\FW_Fan_Control01.map"
Deleting file ".\FW_Fan_Control01.cycdx"
Deleting file ".\FW_Fan_Control01.svd"
Deleting file ".\FW_Fan_Control01.rpt"
Deleting file ".\FW_Fan_Control01_timing.html"
Deleting file ".\CortexM3\ARM_GCC_473\Debug\.deps\C_FILE.P"
Deleting file ".\CortexM3\ARM_GCC_473\Debug\.deps\ARM_C_FILE.P"
Deleting file ".\CortexM3\ARM_GCC_473\Debug\.deps\GNU_ARM_ASM_FILE.P"
--------------- Clean Succeeded: 12/05/2017 16:24:42 ---------------
