ARM GAS  C:\Users\gmh5970\AppData\Local\Temp\cczKkCyg.s 			page 1


   1              		.syntax unified
   2              		.cpu cortex-m3
   3              		.fpu softvfp
   4              		.eabi_attribute 20, 1
   5              		.eabi_attribute 21, 1
   6              		.eabi_attribute 23, 3
   7              		.eabi_attribute 24, 1
   8              		.eabi_attribute 25, 1
   9              		.eabi_attribute 26, 1
  10              		.eabi_attribute 30, 6
  11              		.eabi_attribute 34, 1
  12              		.eabi_attribute 18, 4
  13              		.thumb
  14              		.file	"start_echo_IRR.c"
  15              		.text
  16              	.Ltext0:
  17              		.cfi_sections	.debug_frame
  18              		.section	.text.start_echo_IRR_Start,"ax",%progbits
  19              		.align	2
  20              		.global	start_echo_IRR_Start
  21              		.thumb
  22              		.thumb_func
  23              		.type	start_echo_IRR_Start, %function
  24              	start_echo_IRR_Start:
  25              	.LFB0:
  26              		.file 1 ".\\Generated_Source\\PSoC5\\start_echo_IRR.c"
   1:.\Generated_Source\PSoC5/start_echo_IRR.c **** /*******************************************************************************
   2:.\Generated_Source\PSoC5/start_echo_IRR.c **** * File Name: start_echo_IRR.c  
   3:.\Generated_Source\PSoC5/start_echo_IRR.c **** * Version 1.70
   4:.\Generated_Source\PSoC5/start_echo_IRR.c **** *
   5:.\Generated_Source\PSoC5/start_echo_IRR.c **** *  Description:
   6:.\Generated_Source\PSoC5/start_echo_IRR.c **** *   API for controlling the state of an interrupt.
   7:.\Generated_Source\PSoC5/start_echo_IRR.c **** *
   8:.\Generated_Source\PSoC5/start_echo_IRR.c **** *
   9:.\Generated_Source\PSoC5/start_echo_IRR.c **** *  Note:
  10:.\Generated_Source\PSoC5/start_echo_IRR.c **** *
  11:.\Generated_Source\PSoC5/start_echo_IRR.c **** ********************************************************************************
  12:.\Generated_Source\PSoC5/start_echo_IRR.c **** * Copyright 2008-2012, Cypress Semiconductor Corporation.  All rights reserved.
  13:.\Generated_Source\PSoC5/start_echo_IRR.c **** * You may use this file only in accordance with the license, terms, conditions, 
  14:.\Generated_Source\PSoC5/start_echo_IRR.c **** * disclaimers, and limitations in the end user license agreement accompanying 
  15:.\Generated_Source\PSoC5/start_echo_IRR.c **** * the software package with which this file was provided.
  16:.\Generated_Source\PSoC5/start_echo_IRR.c **** *******************************************************************************/
  17:.\Generated_Source\PSoC5/start_echo_IRR.c **** 
  18:.\Generated_Source\PSoC5/start_echo_IRR.c **** 
  19:.\Generated_Source\PSoC5/start_echo_IRR.c **** #include <cydevice_trm.h>
  20:.\Generated_Source\PSoC5/start_echo_IRR.c **** #include <CyLib.h>
  21:.\Generated_Source\PSoC5/start_echo_IRR.c **** #include <start_echo_IRR.h>
  22:.\Generated_Source\PSoC5/start_echo_IRR.c **** 
  23:.\Generated_Source\PSoC5/start_echo_IRR.c **** #if !defined(start_echo_IRR__REMOVED) /* Check for removal by optimization */
  24:.\Generated_Source\PSoC5/start_echo_IRR.c **** 
  25:.\Generated_Source\PSoC5/start_echo_IRR.c **** /*******************************************************************************
  26:.\Generated_Source\PSoC5/start_echo_IRR.c **** *  Place your includes, defines and code here 
  27:.\Generated_Source\PSoC5/start_echo_IRR.c **** ********************************************************************************/
  28:.\Generated_Source\PSoC5/start_echo_IRR.c **** /* `#START start_echo_IRR_intc` */
  29:.\Generated_Source\PSoC5/start_echo_IRR.c **** 
  30:.\Generated_Source\PSoC5/start_echo_IRR.c **** /* `#END` */
  31:.\Generated_Source\PSoC5/start_echo_IRR.c **** 
ARM GAS  C:\Users\gmh5970\AppData\Local\Temp\cczKkCyg.s 			page 2


  32:.\Generated_Source\PSoC5/start_echo_IRR.c **** #ifndef CYINT_IRQ_BASE
  33:.\Generated_Source\PSoC5/start_echo_IRR.c **** #define CYINT_IRQ_BASE      16
  34:.\Generated_Source\PSoC5/start_echo_IRR.c **** #endif /* CYINT_IRQ_BASE */
  35:.\Generated_Source\PSoC5/start_echo_IRR.c **** #ifndef CYINT_VECT_TABLE
  36:.\Generated_Source\PSoC5/start_echo_IRR.c **** #define CYINT_VECT_TABLE    ((cyisraddress **) CYREG_NVIC_VECT_OFFSET)
  37:.\Generated_Source\PSoC5/start_echo_IRR.c **** #endif /* CYINT_VECT_TABLE */
  38:.\Generated_Source\PSoC5/start_echo_IRR.c **** 
  39:.\Generated_Source\PSoC5/start_echo_IRR.c **** /* Declared in startup, used to set unused interrupts to. */
  40:.\Generated_Source\PSoC5/start_echo_IRR.c **** CY_ISR_PROTO(IntDefaultHandler);
  41:.\Generated_Source\PSoC5/start_echo_IRR.c **** 
  42:.\Generated_Source\PSoC5/start_echo_IRR.c **** 
  43:.\Generated_Source\PSoC5/start_echo_IRR.c **** /*******************************************************************************
  44:.\Generated_Source\PSoC5/start_echo_IRR.c **** * Function Name: start_echo_IRR_Start
  45:.\Generated_Source\PSoC5/start_echo_IRR.c **** ********************************************************************************
  46:.\Generated_Source\PSoC5/start_echo_IRR.c **** *
  47:.\Generated_Source\PSoC5/start_echo_IRR.c **** * Summary:
  48:.\Generated_Source\PSoC5/start_echo_IRR.c **** *  Set up the interrupt and enable it.
  49:.\Generated_Source\PSoC5/start_echo_IRR.c **** *
  50:.\Generated_Source\PSoC5/start_echo_IRR.c **** * Parameters:  
  51:.\Generated_Source\PSoC5/start_echo_IRR.c **** *   None
  52:.\Generated_Source\PSoC5/start_echo_IRR.c **** *
  53:.\Generated_Source\PSoC5/start_echo_IRR.c **** * Return:
  54:.\Generated_Source\PSoC5/start_echo_IRR.c **** *   None
  55:.\Generated_Source\PSoC5/start_echo_IRR.c **** *
  56:.\Generated_Source\PSoC5/start_echo_IRR.c **** *******************************************************************************/
  57:.\Generated_Source\PSoC5/start_echo_IRR.c **** void start_echo_IRR_Start(void)
  58:.\Generated_Source\PSoC5/start_echo_IRR.c **** {
  27              		.loc 1 58 0
  28              		.cfi_startproc
  29              		@ args = 0, pretend = 0, frame = 0
  30              		@ frame_needed = 1, uses_anonymous_args = 0
  31 0000 80B5     		push	{r7, lr}
  32              	.LCFI0:
  33              		.cfi_def_cfa_offset 8
  34              		.cfi_offset 7, -8
  35              		.cfi_offset 14, -4
  36 0002 00AF     		add	r7, sp, #0
  37              	.LCFI1:
  38              		.cfi_def_cfa_register 7
  59:.\Generated_Source\PSoC5/start_echo_IRR.c ****     /* For all we know the interrupt is active. */
  60:.\Generated_Source\PSoC5/start_echo_IRR.c ****     start_echo_IRR_Disable();
  39              		.loc 1 60 0
  40 0004 FFF7FEFF 		bl	start_echo_IRR_Disable
  61:.\Generated_Source\PSoC5/start_echo_IRR.c **** 
  62:.\Generated_Source\PSoC5/start_echo_IRR.c ****     /* Set the ISR to point to the start_echo_IRR Interrupt. */
  63:.\Generated_Source\PSoC5/start_echo_IRR.c ****     start_echo_IRR_SetVector(&start_echo_IRR_Interrupt);
  41              		.loc 1 63 0
  42 0008 40F20000 		movw	r0, #:lower16:start_echo_IRR_Interrupt
  43 000c C0F20000 		movt	r0, #:upper16:start_echo_IRR_Interrupt
  44 0010 FFF7FEFF 		bl	start_echo_IRR_SetVector
  64:.\Generated_Source\PSoC5/start_echo_IRR.c **** 
  65:.\Generated_Source\PSoC5/start_echo_IRR.c ****     /* Set the priority. */
  66:.\Generated_Source\PSoC5/start_echo_IRR.c ****     start_echo_IRR_SetPriority((uint8)start_echo_IRR_INTC_PRIOR_NUMBER);
  45              		.loc 1 66 0
  46 0014 4FF00700 		mov	r0, #7
  47 0018 FFF7FEFF 		bl	start_echo_IRR_SetPriority
  67:.\Generated_Source\PSoC5/start_echo_IRR.c **** 
ARM GAS  C:\Users\gmh5970\AppData\Local\Temp\cczKkCyg.s 			page 3


  68:.\Generated_Source\PSoC5/start_echo_IRR.c ****     /* Enable it. */
  69:.\Generated_Source\PSoC5/start_echo_IRR.c ****     start_echo_IRR_Enable();
  48              		.loc 1 69 0
  49 001c FFF7FEFF 		bl	start_echo_IRR_Enable
  70:.\Generated_Source\PSoC5/start_echo_IRR.c **** }
  50              		.loc 1 70 0
  51 0020 80BD     		pop	{r7, pc}
  52              		.cfi_endproc
  53              	.LFE0:
  54              		.size	start_echo_IRR_Start, .-start_echo_IRR_Start
  55 0022 00BF     		.section	.text.start_echo_IRR_StartEx,"ax",%progbits
  56              		.align	2
  57              		.global	start_echo_IRR_StartEx
  58              		.thumb
  59              		.thumb_func
  60              		.type	start_echo_IRR_StartEx, %function
  61              	start_echo_IRR_StartEx:
  62              	.LFB1:
  71:.\Generated_Source\PSoC5/start_echo_IRR.c **** 
  72:.\Generated_Source\PSoC5/start_echo_IRR.c **** 
  73:.\Generated_Source\PSoC5/start_echo_IRR.c **** /*******************************************************************************
  74:.\Generated_Source\PSoC5/start_echo_IRR.c **** * Function Name: start_echo_IRR_StartEx
  75:.\Generated_Source\PSoC5/start_echo_IRR.c **** ********************************************************************************
  76:.\Generated_Source\PSoC5/start_echo_IRR.c **** *
  77:.\Generated_Source\PSoC5/start_echo_IRR.c **** * Summary:
  78:.\Generated_Source\PSoC5/start_echo_IRR.c **** *  Set up the interrupt and enable it.
  79:.\Generated_Source\PSoC5/start_echo_IRR.c **** *
  80:.\Generated_Source\PSoC5/start_echo_IRR.c **** * Parameters:  
  81:.\Generated_Source\PSoC5/start_echo_IRR.c **** *   address: Address of the ISR to set in the interrupt vector table.
  82:.\Generated_Source\PSoC5/start_echo_IRR.c **** *
  83:.\Generated_Source\PSoC5/start_echo_IRR.c **** * Return:
  84:.\Generated_Source\PSoC5/start_echo_IRR.c **** *   None
  85:.\Generated_Source\PSoC5/start_echo_IRR.c **** *
  86:.\Generated_Source\PSoC5/start_echo_IRR.c **** *******************************************************************************/
  87:.\Generated_Source\PSoC5/start_echo_IRR.c **** void start_echo_IRR_StartEx(cyisraddress address)
  88:.\Generated_Source\PSoC5/start_echo_IRR.c **** {
  63              		.loc 1 88 0
  64              		.cfi_startproc
  65              		@ args = 0, pretend = 0, frame = 8
  66              		@ frame_needed = 1, uses_anonymous_args = 0
  67 0000 80B5     		push	{r7, lr}
  68              	.LCFI2:
  69              		.cfi_def_cfa_offset 8
  70              		.cfi_offset 7, -8
  71              		.cfi_offset 14, -4
  72 0002 82B0     		sub	sp, sp, #8
  73              	.LCFI3:
  74              		.cfi_def_cfa_offset 16
  75 0004 00AF     		add	r7, sp, #0
  76              	.LCFI4:
  77              		.cfi_def_cfa_register 7
  78 0006 7860     		str	r0, [r7, #4]
  89:.\Generated_Source\PSoC5/start_echo_IRR.c ****     /* For all we know the interrupt is active. */
  90:.\Generated_Source\PSoC5/start_echo_IRR.c ****     start_echo_IRR_Disable();
  79              		.loc 1 90 0
  80 0008 FFF7FEFF 		bl	start_echo_IRR_Disable
  91:.\Generated_Source\PSoC5/start_echo_IRR.c **** 
ARM GAS  C:\Users\gmh5970\AppData\Local\Temp\cczKkCyg.s 			page 4


  92:.\Generated_Source\PSoC5/start_echo_IRR.c ****     /* Set the ISR to point to the start_echo_IRR Interrupt. */
  93:.\Generated_Source\PSoC5/start_echo_IRR.c ****     start_echo_IRR_SetVector(address);
  81              		.loc 1 93 0
  82 000c 7868     		ldr	r0, [r7, #4]
  83 000e FFF7FEFF 		bl	start_echo_IRR_SetVector
  94:.\Generated_Source\PSoC5/start_echo_IRR.c **** 
  95:.\Generated_Source\PSoC5/start_echo_IRR.c ****     /* Set the priority. */
  96:.\Generated_Source\PSoC5/start_echo_IRR.c ****     start_echo_IRR_SetPriority((uint8)start_echo_IRR_INTC_PRIOR_NUMBER);
  84              		.loc 1 96 0
  85 0012 4FF00700 		mov	r0, #7
  86 0016 FFF7FEFF 		bl	start_echo_IRR_SetPriority
  97:.\Generated_Source\PSoC5/start_echo_IRR.c **** 
  98:.\Generated_Source\PSoC5/start_echo_IRR.c ****     /* Enable it. */
  99:.\Generated_Source\PSoC5/start_echo_IRR.c ****     start_echo_IRR_Enable();
  87              		.loc 1 99 0
  88 001a FFF7FEFF 		bl	start_echo_IRR_Enable
 100:.\Generated_Source\PSoC5/start_echo_IRR.c **** }
  89              		.loc 1 100 0
  90 001e 07F10807 		add	r7, r7, #8
  91 0022 BD46     		mov	sp, r7
  92 0024 80BD     		pop	{r7, pc}
  93              		.cfi_endproc
  94              	.LFE1:
  95              		.size	start_echo_IRR_StartEx, .-start_echo_IRR_StartEx
  96 0026 00BF     		.section	.text.start_echo_IRR_Stop,"ax",%progbits
  97              		.align	2
  98              		.global	start_echo_IRR_Stop
  99              		.thumb
 100              		.thumb_func
 101              		.type	start_echo_IRR_Stop, %function
 102              	start_echo_IRR_Stop:
 103              	.LFB2:
 101:.\Generated_Source\PSoC5/start_echo_IRR.c **** 
 102:.\Generated_Source\PSoC5/start_echo_IRR.c **** 
 103:.\Generated_Source\PSoC5/start_echo_IRR.c **** /*******************************************************************************
 104:.\Generated_Source\PSoC5/start_echo_IRR.c **** * Function Name: start_echo_IRR_Stop
 105:.\Generated_Source\PSoC5/start_echo_IRR.c **** ********************************************************************************
 106:.\Generated_Source\PSoC5/start_echo_IRR.c **** *
 107:.\Generated_Source\PSoC5/start_echo_IRR.c **** * Summary:
 108:.\Generated_Source\PSoC5/start_echo_IRR.c **** *   Disables and removes the interrupt.
 109:.\Generated_Source\PSoC5/start_echo_IRR.c **** *
 110:.\Generated_Source\PSoC5/start_echo_IRR.c **** * Parameters:  
 111:.\Generated_Source\PSoC5/start_echo_IRR.c **** *
 112:.\Generated_Source\PSoC5/start_echo_IRR.c **** * Return:
 113:.\Generated_Source\PSoC5/start_echo_IRR.c **** *   None
 114:.\Generated_Source\PSoC5/start_echo_IRR.c **** *
 115:.\Generated_Source\PSoC5/start_echo_IRR.c **** *******************************************************************************/
 116:.\Generated_Source\PSoC5/start_echo_IRR.c **** void start_echo_IRR_Stop(void)
 117:.\Generated_Source\PSoC5/start_echo_IRR.c **** {
 104              		.loc 1 117 0
 105              		.cfi_startproc
 106              		@ args = 0, pretend = 0, frame = 0
 107              		@ frame_needed = 1, uses_anonymous_args = 0
 108 0000 80B5     		push	{r7, lr}
 109              	.LCFI5:
 110              		.cfi_def_cfa_offset 8
 111              		.cfi_offset 7, -8
ARM GAS  C:\Users\gmh5970\AppData\Local\Temp\cczKkCyg.s 			page 5


 112              		.cfi_offset 14, -4
 113 0002 00AF     		add	r7, sp, #0
 114              	.LCFI6:
 115              		.cfi_def_cfa_register 7
 118:.\Generated_Source\PSoC5/start_echo_IRR.c ****     /* Disable this interrupt. */
 119:.\Generated_Source\PSoC5/start_echo_IRR.c ****     start_echo_IRR_Disable();
 116              		.loc 1 119 0
 117 0004 FFF7FEFF 		bl	start_echo_IRR_Disable
 120:.\Generated_Source\PSoC5/start_echo_IRR.c **** 
 121:.\Generated_Source\PSoC5/start_echo_IRR.c ****     /* Set the ISR to point to the passive one. */
 122:.\Generated_Source\PSoC5/start_echo_IRR.c ****     start_echo_IRR_SetVector(&IntDefaultHandler);
 118              		.loc 1 122 0
 119 0008 40F20000 		movw	r0, #:lower16:IntDefaultHandler
 120 000c C0F20000 		movt	r0, #:upper16:IntDefaultHandler
 121 0010 FFF7FEFF 		bl	start_echo_IRR_SetVector
 123:.\Generated_Source\PSoC5/start_echo_IRR.c **** }
 122              		.loc 1 123 0
 123 0014 80BD     		pop	{r7, pc}
 124              		.cfi_endproc
 125              	.LFE2:
 126              		.size	start_echo_IRR_Stop, .-start_echo_IRR_Stop
 127 0016 00BF     		.section	.text.start_echo_IRR_SetVector,"ax",%progbits
 128              		.align	2
 129              		.global	start_echo_IRR_SetVector
 130              		.thumb
 131              		.thumb_func
 132              		.type	start_echo_IRR_SetVector, %function
 133              	start_echo_IRR_SetVector:
 134              	.LFB3:
 124:.\Generated_Source\PSoC5/start_echo_IRR.c **** 
 125:.\Generated_Source\PSoC5/start_echo_IRR.c **** 
 126:.\Generated_Source\PSoC5/start_echo_IRR.c **** /*******************************************************************************
 127:.\Generated_Source\PSoC5/start_echo_IRR.c **** * Function Name: start_echo_IRR_Interrupt
 128:.\Generated_Source\PSoC5/start_echo_IRR.c **** ********************************************************************************
 129:.\Generated_Source\PSoC5/start_echo_IRR.c **** *
 130:.\Generated_Source\PSoC5/start_echo_IRR.c **** * Summary:
 131:.\Generated_Source\PSoC5/start_echo_IRR.c **** *   The default Interrupt Service Routine for start_echo_IRR.
 132:.\Generated_Source\PSoC5/start_echo_IRR.c **** *
 133:.\Generated_Source\PSoC5/start_echo_IRR.c **** *   Add custom code between the coments to keep the next version of this file
 134:.\Generated_Source\PSoC5/start_echo_IRR.c **** *   from over writting your code.
 135:.\Generated_Source\PSoC5/start_echo_IRR.c **** *
 136:.\Generated_Source\PSoC5/start_echo_IRR.c **** * Parameters:  
 137:.\Generated_Source\PSoC5/start_echo_IRR.c **** *
 138:.\Generated_Source\PSoC5/start_echo_IRR.c **** * Return:
 139:.\Generated_Source\PSoC5/start_echo_IRR.c **** *   None
 140:.\Generated_Source\PSoC5/start_echo_IRR.c **** *
 141:.\Generated_Source\PSoC5/start_echo_IRR.c **** *******************************************************************************/
 142:.\Generated_Source\PSoC5/start_echo_IRR.c **** 
 143:.\Generated_Source\PSoC5/start_echo_IRR.c **** 
 144:.\Generated_Source\PSoC5/start_echo_IRR.c **** /*******************************************************************************
 145:.\Generated_Source\PSoC5/start_echo_IRR.c **** * Function Name: start_echo_IRR_SetVector
 146:.\Generated_Source\PSoC5/start_echo_IRR.c **** ********************************************************************************
 147:.\Generated_Source\PSoC5/start_echo_IRR.c **** *
 148:.\Generated_Source\PSoC5/start_echo_IRR.c **** * Summary:
 149:.\Generated_Source\PSoC5/start_echo_IRR.c **** *   Change the ISR vector for the Interrupt. Note calling start_echo_IRR_Start
 150:.\Generated_Source\PSoC5/start_echo_IRR.c **** *   will override any effect this method would have had. To set the vector 
 151:.\Generated_Source\PSoC5/start_echo_IRR.c **** *   before the component has been started use start_echo_IRR_StartEx instead.
ARM GAS  C:\Users\gmh5970\AppData\Local\Temp\cczKkCyg.s 			page 6


 152:.\Generated_Source\PSoC5/start_echo_IRR.c **** *
 153:.\Generated_Source\PSoC5/start_echo_IRR.c **** * Parameters:
 154:.\Generated_Source\PSoC5/start_echo_IRR.c **** *   address: Address of the ISR to set in the interrupt vector table.
 155:.\Generated_Source\PSoC5/start_echo_IRR.c **** *
 156:.\Generated_Source\PSoC5/start_echo_IRR.c **** * Return:
 157:.\Generated_Source\PSoC5/start_echo_IRR.c **** *   None
 158:.\Generated_Source\PSoC5/start_echo_IRR.c **** *
 159:.\Generated_Source\PSoC5/start_echo_IRR.c **** *******************************************************************************/
 160:.\Generated_Source\PSoC5/start_echo_IRR.c **** void start_echo_IRR_SetVector(cyisraddress address)
 161:.\Generated_Source\PSoC5/start_echo_IRR.c **** {
 135              		.loc 1 161 0
 136              		.cfi_startproc
 137              		@ args = 0, pretend = 0, frame = 16
 138              		@ frame_needed = 1, uses_anonymous_args = 0
 139              		@ link register save eliminated.
 140 0000 80B4     		push	{r7}
 141              	.LCFI7:
 142              		.cfi_def_cfa_offset 4
 143              		.cfi_offset 7, -4
 144 0002 85B0     		sub	sp, sp, #20
 145              	.LCFI8:
 146              		.cfi_def_cfa_offset 24
 147 0004 00AF     		add	r7, sp, #0
 148              	.LCFI9:
 149              		.cfi_def_cfa_register 7
 150 0006 7860     		str	r0, [r7, #4]
 162:.\Generated_Source\PSoC5/start_echo_IRR.c ****     cyisraddress * ramVectorTable;
 163:.\Generated_Source\PSoC5/start_echo_IRR.c **** 
 164:.\Generated_Source\PSoC5/start_echo_IRR.c ****     ramVectorTable = (cyisraddress *) *CYINT_VECT_TABLE;
 151              		.loc 1 164 0
 152 0008 4EF60853 		movw	r3, #60680
 153 000c CEF20003 		movt	r3, 57344
 154 0010 1B68     		ldr	r3, [r3, #0]
 155 0012 FB60     		str	r3, [r7, #12]
 165:.\Generated_Source\PSoC5/start_echo_IRR.c **** 
 166:.\Generated_Source\PSoC5/start_echo_IRR.c ****     ramVectorTable[CYINT_IRQ_BASE + (uint32)start_echo_IRR__INTC_NUMBER] = address;
 156              		.loc 1 166 0
 157 0014 FB68     		ldr	r3, [r7, #12]
 158 0016 03F14403 		add	r3, r3, #68
 159 001a 7A68     		ldr	r2, [r7, #4]
 160 001c 1A60     		str	r2, [r3, #0]
 167:.\Generated_Source\PSoC5/start_echo_IRR.c **** }
 161              		.loc 1 167 0
 162 001e 07F11407 		add	r7, r7, #20
 163 0022 BD46     		mov	sp, r7
 164 0024 80BC     		pop	{r7}
 165 0026 7047     		bx	lr
 166              		.cfi_endproc
 167              	.LFE3:
 168              		.size	start_echo_IRR_SetVector, .-start_echo_IRR_SetVector
 169              		.section	.text.start_echo_IRR_GetVector,"ax",%progbits
 170              		.align	2
 171              		.global	start_echo_IRR_GetVector
 172              		.thumb
 173              		.thumb_func
 174              		.type	start_echo_IRR_GetVector, %function
 175              	start_echo_IRR_GetVector:
ARM GAS  C:\Users\gmh5970\AppData\Local\Temp\cczKkCyg.s 			page 7


 176              	.LFB4:
 168:.\Generated_Source\PSoC5/start_echo_IRR.c **** 
 169:.\Generated_Source\PSoC5/start_echo_IRR.c **** 
 170:.\Generated_Source\PSoC5/start_echo_IRR.c **** /*******************************************************************************
 171:.\Generated_Source\PSoC5/start_echo_IRR.c **** * Function Name: start_echo_IRR_GetVector
 172:.\Generated_Source\PSoC5/start_echo_IRR.c **** ********************************************************************************
 173:.\Generated_Source\PSoC5/start_echo_IRR.c **** *
 174:.\Generated_Source\PSoC5/start_echo_IRR.c **** * Summary:
 175:.\Generated_Source\PSoC5/start_echo_IRR.c **** *   Gets the "address" of the current ISR vector for the Interrupt.
 176:.\Generated_Source\PSoC5/start_echo_IRR.c **** *
 177:.\Generated_Source\PSoC5/start_echo_IRR.c **** * Parameters:
 178:.\Generated_Source\PSoC5/start_echo_IRR.c **** *   None
 179:.\Generated_Source\PSoC5/start_echo_IRR.c **** *
 180:.\Generated_Source\PSoC5/start_echo_IRR.c **** * Return:
 181:.\Generated_Source\PSoC5/start_echo_IRR.c **** *   Address of the ISR in the interrupt vector table.
 182:.\Generated_Source\PSoC5/start_echo_IRR.c **** *
 183:.\Generated_Source\PSoC5/start_echo_IRR.c **** *******************************************************************************/
 184:.\Generated_Source\PSoC5/start_echo_IRR.c **** cyisraddress start_echo_IRR_GetVector(void)
 185:.\Generated_Source\PSoC5/start_echo_IRR.c **** {
 177              		.loc 1 185 0
 178              		.cfi_startproc
 179              		@ args = 0, pretend = 0, frame = 8
 180              		@ frame_needed = 1, uses_anonymous_args = 0
 181              		@ link register save eliminated.
 182 0000 80B4     		push	{r7}
 183              	.LCFI10:
 184              		.cfi_def_cfa_offset 4
 185              		.cfi_offset 7, -4
 186 0002 83B0     		sub	sp, sp, #12
 187              	.LCFI11:
 188              		.cfi_def_cfa_offset 16
 189 0004 00AF     		add	r7, sp, #0
 190              	.LCFI12:
 191              		.cfi_def_cfa_register 7
 186:.\Generated_Source\PSoC5/start_echo_IRR.c ****     cyisraddress * ramVectorTable;
 187:.\Generated_Source\PSoC5/start_echo_IRR.c **** 
 188:.\Generated_Source\PSoC5/start_echo_IRR.c ****     ramVectorTable = (cyisraddress *) *CYINT_VECT_TABLE;
 192              		.loc 1 188 0
 193 0006 4EF60853 		movw	r3, #60680
 194 000a CEF20003 		movt	r3, 57344
 195 000e 1B68     		ldr	r3, [r3, #0]
 196 0010 7B60     		str	r3, [r7, #4]
 189:.\Generated_Source\PSoC5/start_echo_IRR.c **** 
 190:.\Generated_Source\PSoC5/start_echo_IRR.c ****     return ramVectorTable[CYINT_IRQ_BASE + (uint32)start_echo_IRR__INTC_NUMBER];
 197              		.loc 1 190 0
 198 0012 7B68     		ldr	r3, [r7, #4]
 199 0014 5B6C     		ldr	r3, [r3, #68]
 191:.\Generated_Source\PSoC5/start_echo_IRR.c **** }
 200              		.loc 1 191 0
 201 0016 1846     		mov	r0, r3
 202 0018 07F10C07 		add	r7, r7, #12
 203 001c BD46     		mov	sp, r7
 204 001e 80BC     		pop	{r7}
 205 0020 7047     		bx	lr
 206              		.cfi_endproc
 207              	.LFE4:
 208              		.size	start_echo_IRR_GetVector, .-start_echo_IRR_GetVector
ARM GAS  C:\Users\gmh5970\AppData\Local\Temp\cczKkCyg.s 			page 8


 209 0022 00BF     		.section	.text.start_echo_IRR_SetPriority,"ax",%progbits
 210              		.align	2
 211              		.global	start_echo_IRR_SetPriority
 212              		.thumb
 213              		.thumb_func
 214              		.type	start_echo_IRR_SetPriority, %function
 215              	start_echo_IRR_SetPriority:
 216              	.LFB5:
 192:.\Generated_Source\PSoC5/start_echo_IRR.c **** 
 193:.\Generated_Source\PSoC5/start_echo_IRR.c **** 
 194:.\Generated_Source\PSoC5/start_echo_IRR.c **** /*******************************************************************************
 195:.\Generated_Source\PSoC5/start_echo_IRR.c **** * Function Name: start_echo_IRR_SetPriority
 196:.\Generated_Source\PSoC5/start_echo_IRR.c **** ********************************************************************************
 197:.\Generated_Source\PSoC5/start_echo_IRR.c **** *
 198:.\Generated_Source\PSoC5/start_echo_IRR.c **** * Summary:
 199:.\Generated_Source\PSoC5/start_echo_IRR.c **** *   Sets the Priority of the Interrupt. Note calling start_echo_IRR_Start
 200:.\Generated_Source\PSoC5/start_echo_IRR.c **** *   or start_echo_IRR_StartEx will override any effect this method 
 201:.\Generated_Source\PSoC5/start_echo_IRR.c **** *   would have had. This method should only be called after 
 202:.\Generated_Source\PSoC5/start_echo_IRR.c **** *   start_echo_IRR_Start or start_echo_IRR_StartEx has been called. To set 
 203:.\Generated_Source\PSoC5/start_echo_IRR.c **** *   the initial priority for the component use the cydwr file in the tool.
 204:.\Generated_Source\PSoC5/start_echo_IRR.c **** *
 205:.\Generated_Source\PSoC5/start_echo_IRR.c **** * Parameters:
 206:.\Generated_Source\PSoC5/start_echo_IRR.c **** *   priority: Priority of the interrupt. 0 - 7, 0 being the highest.
 207:.\Generated_Source\PSoC5/start_echo_IRR.c **** *
 208:.\Generated_Source\PSoC5/start_echo_IRR.c **** * Return:
 209:.\Generated_Source\PSoC5/start_echo_IRR.c **** *   None
 210:.\Generated_Source\PSoC5/start_echo_IRR.c **** *
 211:.\Generated_Source\PSoC5/start_echo_IRR.c **** *******************************************************************************/
 212:.\Generated_Source\PSoC5/start_echo_IRR.c **** void start_echo_IRR_SetPriority(uint8 priority)
 213:.\Generated_Source\PSoC5/start_echo_IRR.c **** {
 217              		.loc 1 213 0
 218              		.cfi_startproc
 219              		@ args = 0, pretend = 0, frame = 8
 220              		@ frame_needed = 1, uses_anonymous_args = 0
 221              		@ link register save eliminated.
 222 0000 80B4     		push	{r7}
 223              	.LCFI13:
 224              		.cfi_def_cfa_offset 4
 225              		.cfi_offset 7, -4
 226 0002 83B0     		sub	sp, sp, #12
 227              	.LCFI14:
 228              		.cfi_def_cfa_offset 16
 229 0004 00AF     		add	r7, sp, #0
 230              	.LCFI15:
 231              		.cfi_def_cfa_register 7
 232 0006 0346     		mov	r3, r0
 233 0008 FB71     		strb	r3, [r7, #7]
 214:.\Generated_Source\PSoC5/start_echo_IRR.c ****     *start_echo_IRR_INTC_PRIOR = priority << 5;
 234              		.loc 1 214 0
 235 000a 4EF20143 		movw	r3, #58369
 236 000e CEF20003 		movt	r3, 57344
 237 0012 FA79     		ldrb	r2, [r7, #7]
 238 0014 4FEA4212 		lsl	r2, r2, #5
 239 0018 D2B2     		uxtb	r2, r2
 240 001a 1A70     		strb	r2, [r3, #0]
 215:.\Generated_Source\PSoC5/start_echo_IRR.c **** }
 241              		.loc 1 215 0
ARM GAS  C:\Users\gmh5970\AppData\Local\Temp\cczKkCyg.s 			page 9


 242 001c 07F10C07 		add	r7, r7, #12
 243 0020 BD46     		mov	sp, r7
 244 0022 80BC     		pop	{r7}
 245 0024 7047     		bx	lr
 246              		.cfi_endproc
 247              	.LFE5:
 248              		.size	start_echo_IRR_SetPriority, .-start_echo_IRR_SetPriority
 249 0026 00BF     		.section	.text.start_echo_IRR_GetPriority,"ax",%progbits
 250              		.align	2
 251              		.global	start_echo_IRR_GetPriority
 252              		.thumb
 253              		.thumb_func
 254              		.type	start_echo_IRR_GetPriority, %function
 255              	start_echo_IRR_GetPriority:
 256              	.LFB6:
 216:.\Generated_Source\PSoC5/start_echo_IRR.c **** 
 217:.\Generated_Source\PSoC5/start_echo_IRR.c **** 
 218:.\Generated_Source\PSoC5/start_echo_IRR.c **** /*******************************************************************************
 219:.\Generated_Source\PSoC5/start_echo_IRR.c **** * Function Name: start_echo_IRR_GetPriority
 220:.\Generated_Source\PSoC5/start_echo_IRR.c **** ********************************************************************************
 221:.\Generated_Source\PSoC5/start_echo_IRR.c **** *
 222:.\Generated_Source\PSoC5/start_echo_IRR.c **** * Summary:
 223:.\Generated_Source\PSoC5/start_echo_IRR.c **** *   Gets the Priority of the Interrupt.
 224:.\Generated_Source\PSoC5/start_echo_IRR.c **** *
 225:.\Generated_Source\PSoC5/start_echo_IRR.c **** * Parameters:
 226:.\Generated_Source\PSoC5/start_echo_IRR.c **** *   None
 227:.\Generated_Source\PSoC5/start_echo_IRR.c **** *
 228:.\Generated_Source\PSoC5/start_echo_IRR.c **** * Return:
 229:.\Generated_Source\PSoC5/start_echo_IRR.c **** *   Priority of the interrupt. 0 - 7, 0 being the highest.
 230:.\Generated_Source\PSoC5/start_echo_IRR.c **** *
 231:.\Generated_Source\PSoC5/start_echo_IRR.c **** *******************************************************************************/
 232:.\Generated_Source\PSoC5/start_echo_IRR.c **** uint8 start_echo_IRR_GetPriority(void)
 233:.\Generated_Source\PSoC5/start_echo_IRR.c **** {
 257              		.loc 1 233 0
 258              		.cfi_startproc
 259              		@ args = 0, pretend = 0, frame = 8
 260              		@ frame_needed = 1, uses_anonymous_args = 0
 261              		@ link register save eliminated.
 262 0000 80B4     		push	{r7}
 263              	.LCFI16:
 264              		.cfi_def_cfa_offset 4
 265              		.cfi_offset 7, -4
 266 0002 83B0     		sub	sp, sp, #12
 267              	.LCFI17:
 268              		.cfi_def_cfa_offset 16
 269 0004 00AF     		add	r7, sp, #0
 270              	.LCFI18:
 271              		.cfi_def_cfa_register 7
 234:.\Generated_Source\PSoC5/start_echo_IRR.c ****     uint8 priority;
 235:.\Generated_Source\PSoC5/start_echo_IRR.c **** 
 236:.\Generated_Source\PSoC5/start_echo_IRR.c **** 
 237:.\Generated_Source\PSoC5/start_echo_IRR.c ****     priority = *start_echo_IRR_INTC_PRIOR >> 5;
 272              		.loc 1 237 0
 273 0006 4EF20143 		movw	r3, #58369
 274 000a CEF20003 		movt	r3, 57344
 275 000e 1B78     		ldrb	r3, [r3, #0]
 276 0010 DBB2     		uxtb	r3, r3
ARM GAS  C:\Users\gmh5970\AppData\Local\Temp\cczKkCyg.s 			page 10


 277 0012 4FEA5313 		lsr	r3, r3, #5
 278 0016 FB71     		strb	r3, [r7, #7]
 238:.\Generated_Source\PSoC5/start_echo_IRR.c **** 
 239:.\Generated_Source\PSoC5/start_echo_IRR.c ****     return priority;
 279              		.loc 1 239 0
 280 0018 FB79     		ldrb	r3, [r7, #7]	@ zero_extendqisi2
 240:.\Generated_Source\PSoC5/start_echo_IRR.c **** }
 281              		.loc 1 240 0
 282 001a 1846     		mov	r0, r3
 283 001c 07F10C07 		add	r7, r7, #12
 284 0020 BD46     		mov	sp, r7
 285 0022 80BC     		pop	{r7}
 286 0024 7047     		bx	lr
 287              		.cfi_endproc
 288              	.LFE6:
 289              		.size	start_echo_IRR_GetPriority, .-start_echo_IRR_GetPriority
 290 0026 00BF     		.section	.text.start_echo_IRR_Enable,"ax",%progbits
 291              		.align	2
 292              		.global	start_echo_IRR_Enable
 293              		.thumb
 294              		.thumb_func
 295              		.type	start_echo_IRR_Enable, %function
 296              	start_echo_IRR_Enable:
 297              	.LFB7:
 241:.\Generated_Source\PSoC5/start_echo_IRR.c **** 
 242:.\Generated_Source\PSoC5/start_echo_IRR.c **** 
 243:.\Generated_Source\PSoC5/start_echo_IRR.c **** /*******************************************************************************
 244:.\Generated_Source\PSoC5/start_echo_IRR.c **** * Function Name: start_echo_IRR_Enable
 245:.\Generated_Source\PSoC5/start_echo_IRR.c **** ********************************************************************************
 246:.\Generated_Source\PSoC5/start_echo_IRR.c **** *
 247:.\Generated_Source\PSoC5/start_echo_IRR.c **** * Summary:
 248:.\Generated_Source\PSoC5/start_echo_IRR.c **** *   Enables the interrupt.
 249:.\Generated_Source\PSoC5/start_echo_IRR.c **** *
 250:.\Generated_Source\PSoC5/start_echo_IRR.c **** * Parameters:
 251:.\Generated_Source\PSoC5/start_echo_IRR.c **** *   None
 252:.\Generated_Source\PSoC5/start_echo_IRR.c **** *
 253:.\Generated_Source\PSoC5/start_echo_IRR.c **** * Return:
 254:.\Generated_Source\PSoC5/start_echo_IRR.c **** *   None
 255:.\Generated_Source\PSoC5/start_echo_IRR.c **** *
 256:.\Generated_Source\PSoC5/start_echo_IRR.c **** *******************************************************************************/
 257:.\Generated_Source\PSoC5/start_echo_IRR.c **** void start_echo_IRR_Enable(void)
 258:.\Generated_Source\PSoC5/start_echo_IRR.c **** {
 298              		.loc 1 258 0
 299              		.cfi_startproc
 300              		@ args = 0, pretend = 0, frame = 0
 301              		@ frame_needed = 1, uses_anonymous_args = 0
 302              		@ link register save eliminated.
 303 0000 80B4     		push	{r7}
 304              	.LCFI19:
 305              		.cfi_def_cfa_offset 4
 306              		.cfi_offset 7, -4
 307 0002 00AF     		add	r7, sp, #0
 308              	.LCFI20:
 309              		.cfi_def_cfa_register 7
 259:.\Generated_Source\PSoC5/start_echo_IRR.c ****     /* Enable the general interrupt. */
 260:.\Generated_Source\PSoC5/start_echo_IRR.c ****     *start_echo_IRR_INTC_SET_EN = start_echo_IRR__INTC_MASK;
 310              		.loc 1 260 0
ARM GAS  C:\Users\gmh5970\AppData\Local\Temp\cczKkCyg.s 			page 11


 311 0004 4FF46143 		mov	r3, #57600
 312 0008 CEF20003 		movt	r3, 57344
 313 000c 4FF00202 		mov	r2, #2
 314 0010 1A60     		str	r2, [r3, #0]
 261:.\Generated_Source\PSoC5/start_echo_IRR.c **** }
 315              		.loc 1 261 0
 316 0012 BD46     		mov	sp, r7
 317 0014 80BC     		pop	{r7}
 318 0016 7047     		bx	lr
 319              		.cfi_endproc
 320              	.LFE7:
 321              		.size	start_echo_IRR_Enable, .-start_echo_IRR_Enable
 322              		.section	.text.start_echo_IRR_GetState,"ax",%progbits
 323              		.align	2
 324              		.global	start_echo_IRR_GetState
 325              		.thumb
 326              		.thumb_func
 327              		.type	start_echo_IRR_GetState, %function
 328              	start_echo_IRR_GetState:
 329              	.LFB8:
 262:.\Generated_Source\PSoC5/start_echo_IRR.c **** 
 263:.\Generated_Source\PSoC5/start_echo_IRR.c **** 
 264:.\Generated_Source\PSoC5/start_echo_IRR.c **** /*******************************************************************************
 265:.\Generated_Source\PSoC5/start_echo_IRR.c **** * Function Name: start_echo_IRR_GetState
 266:.\Generated_Source\PSoC5/start_echo_IRR.c **** ********************************************************************************
 267:.\Generated_Source\PSoC5/start_echo_IRR.c **** *
 268:.\Generated_Source\PSoC5/start_echo_IRR.c **** * Summary:
 269:.\Generated_Source\PSoC5/start_echo_IRR.c **** *   Gets the state (enabled, disabled) of the Interrupt.
 270:.\Generated_Source\PSoC5/start_echo_IRR.c **** *
 271:.\Generated_Source\PSoC5/start_echo_IRR.c **** * Parameters:
 272:.\Generated_Source\PSoC5/start_echo_IRR.c **** *   None
 273:.\Generated_Source\PSoC5/start_echo_IRR.c **** *
 274:.\Generated_Source\PSoC5/start_echo_IRR.c **** * Return:
 275:.\Generated_Source\PSoC5/start_echo_IRR.c **** *   1 if enabled, 0 if disabled.
 276:.\Generated_Source\PSoC5/start_echo_IRR.c **** *
 277:.\Generated_Source\PSoC5/start_echo_IRR.c **** *******************************************************************************/
 278:.\Generated_Source\PSoC5/start_echo_IRR.c **** uint8 start_echo_IRR_GetState(void)
 279:.\Generated_Source\PSoC5/start_echo_IRR.c **** {
 330              		.loc 1 279 0
 331              		.cfi_startproc
 332              		@ args = 0, pretend = 0, frame = 0
 333              		@ frame_needed = 1, uses_anonymous_args = 0
 334              		@ link register save eliminated.
 335 0000 80B4     		push	{r7}
 336              	.LCFI21:
 337              		.cfi_def_cfa_offset 4
 338              		.cfi_offset 7, -4
 339 0002 00AF     		add	r7, sp, #0
 340              	.LCFI22:
 341              		.cfi_def_cfa_register 7
 280:.\Generated_Source\PSoC5/start_echo_IRR.c ****     /* Get the state of the general interrupt. */
 281:.\Generated_Source\PSoC5/start_echo_IRR.c ****     return ((*start_echo_IRR_INTC_SET_EN & (uint32)start_echo_IRR__INTC_MASK) != 0u) ? 1u:0u;
 342              		.loc 1 281 0
 343 0004 4FF46143 		mov	r3, #57600
 344 0008 CEF20003 		movt	r3, 57344
 345 000c 1B68     		ldr	r3, [r3, #0]
 346 000e 03F00203 		and	r3, r3, #2
ARM GAS  C:\Users\gmh5970\AppData\Local\Temp\cczKkCyg.s 			page 12


 347 0012 002B     		cmp	r3, #0
 348 0014 02D0     		beq	.L12
 349              		.loc 1 281 0 is_stmt 0 discriminator 1
 350 0016 4FF00103 		mov	r3, #1
 351 001a 01E0     		b	.L13
 352              	.L12:
 353              		.loc 1 281 0 discriminator 2
 354 001c 4FF00003 		mov	r3, #0
 355              	.L13:
 282:.\Generated_Source\PSoC5/start_echo_IRR.c **** }
 356              		.loc 1 282 0 is_stmt 1 discriminator 3
 357 0020 1846     		mov	r0, r3
 358 0022 BD46     		mov	sp, r7
 359 0024 80BC     		pop	{r7}
 360 0026 7047     		bx	lr
 361              		.cfi_endproc
 362              	.LFE8:
 363              		.size	start_echo_IRR_GetState, .-start_echo_IRR_GetState
 364              		.section	.text.start_echo_IRR_Disable,"ax",%progbits
 365              		.align	2
 366              		.global	start_echo_IRR_Disable
 367              		.thumb
 368              		.thumb_func
 369              		.type	start_echo_IRR_Disable, %function
 370              	start_echo_IRR_Disable:
 371              	.LFB9:
 283:.\Generated_Source\PSoC5/start_echo_IRR.c **** 
 284:.\Generated_Source\PSoC5/start_echo_IRR.c **** 
 285:.\Generated_Source\PSoC5/start_echo_IRR.c **** /*******************************************************************************
 286:.\Generated_Source\PSoC5/start_echo_IRR.c **** * Function Name: start_echo_IRR_Disable
 287:.\Generated_Source\PSoC5/start_echo_IRR.c **** ********************************************************************************
 288:.\Generated_Source\PSoC5/start_echo_IRR.c **** *
 289:.\Generated_Source\PSoC5/start_echo_IRR.c **** * Summary:
 290:.\Generated_Source\PSoC5/start_echo_IRR.c **** *   Disables the Interrupt.
 291:.\Generated_Source\PSoC5/start_echo_IRR.c **** *
 292:.\Generated_Source\PSoC5/start_echo_IRR.c **** * Parameters:
 293:.\Generated_Source\PSoC5/start_echo_IRR.c **** *   None
 294:.\Generated_Source\PSoC5/start_echo_IRR.c **** *
 295:.\Generated_Source\PSoC5/start_echo_IRR.c **** * Return:
 296:.\Generated_Source\PSoC5/start_echo_IRR.c **** *   None
 297:.\Generated_Source\PSoC5/start_echo_IRR.c **** *
 298:.\Generated_Source\PSoC5/start_echo_IRR.c **** *******************************************************************************/
 299:.\Generated_Source\PSoC5/start_echo_IRR.c **** void start_echo_IRR_Disable(void)
 300:.\Generated_Source\PSoC5/start_echo_IRR.c **** {
 372              		.loc 1 300 0
 373              		.cfi_startproc
 374              		@ args = 0, pretend = 0, frame = 0
 375              		@ frame_needed = 1, uses_anonymous_args = 0
 376              		@ link register save eliminated.
 377 0000 80B4     		push	{r7}
 378              	.LCFI23:
 379              		.cfi_def_cfa_offset 4
 380              		.cfi_offset 7, -4
 381 0002 00AF     		add	r7, sp, #0
 382              	.LCFI24:
 383              		.cfi_def_cfa_register 7
 301:.\Generated_Source\PSoC5/start_echo_IRR.c ****     /* Disable the general interrupt. */
ARM GAS  C:\Users\gmh5970\AppData\Local\Temp\cczKkCyg.s 			page 13


 302:.\Generated_Source\PSoC5/start_echo_IRR.c ****     *start_echo_IRR_INTC_CLR_EN = start_echo_IRR__INTC_MASK;
 384              		.loc 1 302 0
 385 0004 4EF28013 		movw	r3, #57728
 386 0008 CEF20003 		movt	r3, 57344
 387 000c 4FF00202 		mov	r2, #2
 388 0010 1A60     		str	r2, [r3, #0]
 303:.\Generated_Source\PSoC5/start_echo_IRR.c **** }
 389              		.loc 1 303 0
 390 0012 BD46     		mov	sp, r7
 391 0014 80BC     		pop	{r7}
 392 0016 7047     		bx	lr
 393              		.cfi_endproc
 394              	.LFE9:
 395              		.size	start_echo_IRR_Disable, .-start_echo_IRR_Disable
 396              		.section	.text.start_echo_IRR_SetPending,"ax",%progbits
 397              		.align	2
 398              		.global	start_echo_IRR_SetPending
 399              		.thumb
 400              		.thumb_func
 401              		.type	start_echo_IRR_SetPending, %function
 402              	start_echo_IRR_SetPending:
 403              	.LFB10:
 304:.\Generated_Source\PSoC5/start_echo_IRR.c **** 
 305:.\Generated_Source\PSoC5/start_echo_IRR.c **** 
 306:.\Generated_Source\PSoC5/start_echo_IRR.c **** /*******************************************************************************
 307:.\Generated_Source\PSoC5/start_echo_IRR.c **** * Function Name: start_echo_IRR_SetPending
 308:.\Generated_Source\PSoC5/start_echo_IRR.c **** ********************************************************************************
 309:.\Generated_Source\PSoC5/start_echo_IRR.c **** *
 310:.\Generated_Source\PSoC5/start_echo_IRR.c **** * Summary:
 311:.\Generated_Source\PSoC5/start_echo_IRR.c **** *   Causes the Interrupt to enter the pending state, a software method of
 312:.\Generated_Source\PSoC5/start_echo_IRR.c **** *   generating the interrupt.
 313:.\Generated_Source\PSoC5/start_echo_IRR.c **** *
 314:.\Generated_Source\PSoC5/start_echo_IRR.c **** * Parameters:
 315:.\Generated_Source\PSoC5/start_echo_IRR.c **** *   None
 316:.\Generated_Source\PSoC5/start_echo_IRR.c **** *
 317:.\Generated_Source\PSoC5/start_echo_IRR.c **** * Return:
 318:.\Generated_Source\PSoC5/start_echo_IRR.c **** *   None
 319:.\Generated_Source\PSoC5/start_echo_IRR.c **** *
 320:.\Generated_Source\PSoC5/start_echo_IRR.c **** *******************************************************************************/
 321:.\Generated_Source\PSoC5/start_echo_IRR.c **** void start_echo_IRR_SetPending(void)
 322:.\Generated_Source\PSoC5/start_echo_IRR.c **** {
 404              		.loc 1 322 0
 405              		.cfi_startproc
 406              		@ args = 0, pretend = 0, frame = 0
 407              		@ frame_needed = 1, uses_anonymous_args = 0
 408              		@ link register save eliminated.
 409 0000 80B4     		push	{r7}
 410              	.LCFI25:
 411              		.cfi_def_cfa_offset 4
 412              		.cfi_offset 7, -4
 413 0002 00AF     		add	r7, sp, #0
 414              	.LCFI26:
 415              		.cfi_def_cfa_register 7
 323:.\Generated_Source\PSoC5/start_echo_IRR.c ****     *start_echo_IRR_INTC_SET_PD = start_echo_IRR__INTC_MASK;
 416              		.loc 1 323 0
 417 0004 4FF46243 		mov	r3, #57856
 418 0008 CEF20003 		movt	r3, 57344
ARM GAS  C:\Users\gmh5970\AppData\Local\Temp\cczKkCyg.s 			page 14


 419 000c 4FF00202 		mov	r2, #2
 420 0010 1A60     		str	r2, [r3, #0]
 324:.\Generated_Source\PSoC5/start_echo_IRR.c **** }
 421              		.loc 1 324 0
 422 0012 BD46     		mov	sp, r7
 423 0014 80BC     		pop	{r7}
 424 0016 7047     		bx	lr
 425              		.cfi_endproc
 426              	.LFE10:
 427              		.size	start_echo_IRR_SetPending, .-start_echo_IRR_SetPending
 428              		.section	.text.start_echo_IRR_ClearPending,"ax",%progbits
 429              		.align	2
 430              		.global	start_echo_IRR_ClearPending
 431              		.thumb
 432              		.thumb_func
 433              		.type	start_echo_IRR_ClearPending, %function
 434              	start_echo_IRR_ClearPending:
 435              	.LFB11:
 325:.\Generated_Source\PSoC5/start_echo_IRR.c **** 
 326:.\Generated_Source\PSoC5/start_echo_IRR.c **** 
 327:.\Generated_Source\PSoC5/start_echo_IRR.c **** /*******************************************************************************
 328:.\Generated_Source\PSoC5/start_echo_IRR.c **** * Function Name: start_echo_IRR_ClearPending
 329:.\Generated_Source\PSoC5/start_echo_IRR.c **** ********************************************************************************
 330:.\Generated_Source\PSoC5/start_echo_IRR.c **** *
 331:.\Generated_Source\PSoC5/start_echo_IRR.c **** * Summary:
 332:.\Generated_Source\PSoC5/start_echo_IRR.c **** *   Clears a pending interrupt.
 333:.\Generated_Source\PSoC5/start_echo_IRR.c **** *
 334:.\Generated_Source\PSoC5/start_echo_IRR.c **** * Parameters:
 335:.\Generated_Source\PSoC5/start_echo_IRR.c **** *   None
 336:.\Generated_Source\PSoC5/start_echo_IRR.c **** *
 337:.\Generated_Source\PSoC5/start_echo_IRR.c **** * Return:
 338:.\Generated_Source\PSoC5/start_echo_IRR.c **** *   None
 339:.\Generated_Source\PSoC5/start_echo_IRR.c **** *
 340:.\Generated_Source\PSoC5/start_echo_IRR.c **** *******************************************************************************/
 341:.\Generated_Source\PSoC5/start_echo_IRR.c **** void start_echo_IRR_ClearPending(void)
 342:.\Generated_Source\PSoC5/start_echo_IRR.c **** {
 436              		.loc 1 342 0
 437              		.cfi_startproc
 438              		@ args = 0, pretend = 0, frame = 0
 439              		@ frame_needed = 1, uses_anonymous_args = 0
 440              		@ link register save eliminated.
 441 0000 80B4     		push	{r7}
 442              	.LCFI27:
 443              		.cfi_def_cfa_offset 4
 444              		.cfi_offset 7, -4
 445 0002 00AF     		add	r7, sp, #0
 446              	.LCFI28:
 447              		.cfi_def_cfa_register 7
 343:.\Generated_Source\PSoC5/start_echo_IRR.c ****     *start_echo_IRR_INTC_CLR_PD = start_echo_IRR__INTC_MASK;
 448              		.loc 1 343 0
 449 0004 4EF28023 		movw	r3, #57984
 450 0008 CEF20003 		movt	r3, 57344
 451 000c 4FF00202 		mov	r2, #2
 452 0010 1A60     		str	r2, [r3, #0]
 344:.\Generated_Source\PSoC5/start_echo_IRR.c **** }
 453              		.loc 1 344 0
 454 0012 BD46     		mov	sp, r7
ARM GAS  C:\Users\gmh5970\AppData\Local\Temp\cczKkCyg.s 			page 15


 455 0014 80BC     		pop	{r7}
 456 0016 7047     		bx	lr
 457              		.cfi_endproc
 458              	.LFE11:
 459              		.size	start_echo_IRR_ClearPending, .-start_echo_IRR_ClearPending
 460              		.text
 461              	.Letext0:
 462              		.file 2 "./Generated_Source/PSoC5/cytypes.h"
 463              		.section	.debug_info,"",%progbits
 464              	.Ldebug_info0:
 465 0000 5E020000 		.4byte	0x25e
 466 0004 0200     		.2byte	0x2
 467 0006 00000000 		.4byte	.Ldebug_abbrev0
 468 000a 04       		.byte	0x4
 469 000b 01       		.uleb128 0x1
 470 000c 45020000 		.4byte	.LASF32
 471 0010 01       		.byte	0x1
 472 0011 77010000 		.4byte	.LASF33
 473 0015 19000000 		.4byte	.LASF34
 474 0019 00000000 		.4byte	.Ldebug_ranges0+0
 475 001d 00000000 		.4byte	0
 476 0021 00000000 		.4byte	0
 477 0025 00000000 		.4byte	.Ldebug_line0
 478 0029 02       		.uleb128 0x2
 479 002a 01       		.byte	0x1
 480 002b 06       		.byte	0x6
 481 002c D4020000 		.4byte	.LASF0
 482 0030 02       		.uleb128 0x2
 483 0031 01       		.byte	0x1
 484 0032 08       		.byte	0x8
 485 0033 49010000 		.4byte	.LASF1
 486 0037 02       		.uleb128 0x2
 487 0038 02       		.byte	0x2
 488 0039 05       		.byte	0x5
 489 003a 3B020000 		.4byte	.LASF2
 490 003e 02       		.uleb128 0x2
 491 003f 02       		.byte	0x2
 492 0040 07       		.byte	0x7
 493 0041 AC000000 		.4byte	.LASF3
 494 0045 03       		.uleb128 0x3
 495 0046 04       		.byte	0x4
 496 0047 05       		.byte	0x5
 497 0048 696E7400 		.ascii	"int\000"
 498 004c 02       		.uleb128 0x2
 499 004d 04       		.byte	0x4
 500 004e 07       		.byte	0x7
 501 004f A8010000 		.4byte	.LASF4
 502 0053 02       		.uleb128 0x2
 503 0054 08       		.byte	0x8
 504 0055 05       		.byte	0x5
 505 0056 19020000 		.4byte	.LASF5
 506 005a 02       		.uleb128 0x2
 507 005b 08       		.byte	0x8
 508 005c 07       		.byte	0x7
 509 005d BD010000 		.4byte	.LASF6
 510 0061 02       		.uleb128 0x2
 511 0062 04       		.byte	0x4
ARM GAS  C:\Users\gmh5970\AppData\Local\Temp\cczKkCyg.s 			page 16


 512 0063 05       		.byte	0x5
 513 0064 AA020000 		.4byte	.LASF7
 514 0068 02       		.uleb128 0x2
 515 0069 04       		.byte	0x4
 516 006a 07       		.byte	0x7
 517 006b 10020000 		.4byte	.LASF8
 518 006f 02       		.uleb128 0x2
 519 0070 04       		.byte	0x4
 520 0071 07       		.byte	0x7
 521 0072 0E010000 		.4byte	.LASF9
 522 0076 04       		.uleb128 0x4
 523 0077 01       		.byte	0x1
 524 0078 05       		.uleb128 0x5
 525 0079 04       		.byte	0x4
 526 007a 76000000 		.4byte	0x76
 527 007e 02       		.uleb128 0x2
 528 007f 01       		.byte	0x1
 529 0080 08       		.byte	0x8
 530 0081 27020000 		.4byte	.LASF10
 531 0085 06       		.uleb128 0x6
 532 0086 20010000 		.4byte	.LASF11
 533 008a 02       		.byte	0x2
 534 008b 5B       		.byte	0x5b
 535 008c 30000000 		.4byte	0x30
 536 0090 06       		.uleb128 0x6
 537 0091 A1010000 		.4byte	.LASF12
 538 0095 02       		.byte	0x2
 539 0096 5D       		.byte	0x5d
 540 0097 6F000000 		.4byte	0x6f
 541 009b 02       		.uleb128 0x2
 542 009c 04       		.byte	0x4
 543 009d 04       		.byte	0x4
 544 009e DA000000 		.4byte	.LASF13
 545 00a2 02       		.uleb128 0x2
 546 00a3 08       		.byte	0x8
 547 00a4 04       		.byte	0x4
 548 00a5 57010000 		.4byte	.LASF14
 549 00a9 06       		.uleb128 0x6
 550 00aa 09010000 		.4byte	.LASF15
 551 00ae 02       		.byte	0x2
 552 00af F0       		.byte	0xf0
 553 00b0 B4000000 		.4byte	0xb4
 554 00b4 07       		.uleb128 0x7
 555 00b5 85000000 		.4byte	0x85
 556 00b9 06       		.uleb128 0x6
 557 00ba B3020000 		.4byte	.LASF16
 558 00be 02       		.byte	0x2
 559 00bf F2       		.byte	0xf2
 560 00c0 C4000000 		.4byte	0xc4
 561 00c4 07       		.uleb128 0x7
 562 00c5 90000000 		.4byte	0x90
 563 00c9 08       		.uleb128 0x8
 564 00ca EB010000 		.4byte	.LASF17
 565 00ce 02       		.byte	0x2
 566 00cf 0201     		.2byte	0x102
 567 00d1 78000000 		.4byte	0x78
 568 00d5 09       		.uleb128 0x9
ARM GAS  C:\Users\gmh5970\AppData\Local\Temp\cczKkCyg.s 			page 17


 569 00d6 01       		.byte	0x1
 570 00d7 E0000000 		.4byte	.LASF18
 571 00db 01       		.byte	0x1
 572 00dc 39       		.byte	0x39
 573 00dd 01       		.byte	0x1
 574 00de 00000000 		.4byte	.LFB0
 575 00e2 22000000 		.4byte	.LFE0
 576 00e6 00000000 		.4byte	.LLST0
 577 00ea 01       		.byte	0x1
 578 00eb 0A       		.uleb128 0xa
 579 00ec 01       		.byte	0x1
 580 00ed 95000000 		.4byte	.LASF20
 581 00f1 01       		.byte	0x1
 582 00f2 57       		.byte	0x57
 583 00f3 01       		.byte	0x1
 584 00f4 00000000 		.4byte	.LFB1
 585 00f8 26000000 		.4byte	.LFE1
 586 00fc 2C000000 		.4byte	.LLST1
 587 0100 01       		.byte	0x1
 588 0101 14010000 		.4byte	0x114
 589 0105 0B       		.uleb128 0xb
 590 0106 B5010000 		.4byte	.LASF22
 591 010a 01       		.byte	0x1
 592 010b 57       		.byte	0x57
 593 010c C9000000 		.4byte	0xc9
 594 0110 02       		.byte	0x2
 595 0111 91       		.byte	0x91
 596 0112 74       		.sleb128 -12
 597 0113 00       		.byte	0
 598 0114 09       		.uleb128 0x9
 599 0115 01       		.byte	0x1
 600 0116 F5000000 		.4byte	.LASF19
 601 011a 01       		.byte	0x1
 602 011b 74       		.byte	0x74
 603 011c 01       		.byte	0x1
 604 011d 00000000 		.4byte	.LFB2
 605 0121 16000000 		.4byte	.LFE2
 606 0125 64000000 		.4byte	.LLST2
 607 0129 01       		.byte	0x1
 608 012a 0C       		.uleb128 0xc
 609 012b 01       		.byte	0x1
 610 012c 00000000 		.4byte	.LASF21
 611 0130 01       		.byte	0x1
 612 0131 A0       		.byte	0xa0
 613 0132 01       		.byte	0x1
 614 0133 00000000 		.4byte	.LFB3
 615 0137 28000000 		.4byte	.LFE3
 616 013b 90000000 		.4byte	.LLST3
 617 013f 01       		.byte	0x1
 618 0140 61010000 		.4byte	0x161
 619 0144 0B       		.uleb128 0xb
 620 0145 B5010000 		.4byte	.LASF22
 621 0149 01       		.byte	0x1
 622 014a A0       		.byte	0xa0
 623 014b C9000000 		.4byte	0xc9
 624 014f 02       		.byte	0x2
 625 0150 91       		.byte	0x91
ARM GAS  C:\Users\gmh5970\AppData\Local\Temp\cczKkCyg.s 			page 18


 626 0151 6C       		.sleb128 -20
 627 0152 0D       		.uleb128 0xd
 628 0153 2C020000 		.4byte	.LASF23
 629 0157 01       		.byte	0x1
 630 0158 A2       		.byte	0xa2
 631 0159 61010000 		.4byte	0x161
 632 015d 02       		.byte	0x2
 633 015e 91       		.byte	0x91
 634 015f 74       		.sleb128 -12
 635 0160 00       		.byte	0
 636 0161 05       		.uleb128 0x5
 637 0162 04       		.byte	0x4
 638 0163 C9000000 		.4byte	0xc9
 639 0167 0E       		.uleb128 0xe
 640 0168 01       		.byte	0x1
 641 0169 5E010000 		.4byte	.LASF26
 642 016d 01       		.byte	0x1
 643 016e B8       		.byte	0xb8
 644 016f 01       		.byte	0x1
 645 0170 C9000000 		.4byte	0xc9
 646 0174 00000000 		.4byte	.LFB4
 647 0178 22000000 		.4byte	.LFE4
 648 017c C8000000 		.4byte	.LLST4
 649 0180 01       		.byte	0x1
 650 0181 94010000 		.4byte	0x194
 651 0185 0D       		.uleb128 0xd
 652 0186 2C020000 		.4byte	.LASF23
 653 018a 01       		.byte	0x1
 654 018b BA       		.byte	0xba
 655 018c 61010000 		.4byte	0x161
 656 0190 02       		.byte	0x2
 657 0191 91       		.byte	0x91
 658 0192 74       		.sleb128 -12
 659 0193 00       		.byte	0
 660 0194 0C       		.uleb128 0xc
 661 0195 01       		.byte	0x1
 662 0196 BF000000 		.4byte	.LASF24
 663 019a 01       		.byte	0x1
 664 019b D4       		.byte	0xd4
 665 019c 01       		.byte	0x1
 666 019d 00000000 		.4byte	.LFB5
 667 01a1 26000000 		.4byte	.LFE5
 668 01a5 00010000 		.4byte	.LLST5
 669 01a9 01       		.byte	0x1
 670 01aa BD010000 		.4byte	0x1bd
 671 01ae 0B       		.uleb128 0xb
 672 01af 40010000 		.4byte	.LASF25
 673 01b3 01       		.byte	0x1
 674 01b4 D4       		.byte	0xd4
 675 01b5 85000000 		.4byte	0x85
 676 01b9 02       		.byte	0x2
 677 01ba 91       		.byte	0x91
 678 01bb 77       		.sleb128 -9
 679 01bc 00       		.byte	0
 680 01bd 0E       		.uleb128 0xe
 681 01be 01       		.byte	0x1
 682 01bf B9020000 		.4byte	.LASF27
ARM GAS  C:\Users\gmh5970\AppData\Local\Temp\cczKkCyg.s 			page 19


 683 01c3 01       		.byte	0x1
 684 01c4 E8       		.byte	0xe8
 685 01c5 01       		.byte	0x1
 686 01c6 85000000 		.4byte	0x85
 687 01ca 00000000 		.4byte	.LFB6
 688 01ce 26000000 		.4byte	.LFE6
 689 01d2 38010000 		.4byte	.LLST6
 690 01d6 01       		.byte	0x1
 691 01d7 EA010000 		.4byte	0x1ea
 692 01db 0D       		.uleb128 0xd
 693 01dc 40010000 		.4byte	.LASF25
 694 01e0 01       		.byte	0x1
 695 01e1 EA       		.byte	0xea
 696 01e2 85000000 		.4byte	0x85
 697 01e6 02       		.byte	0x2
 698 01e7 91       		.byte	0x91
 699 01e8 77       		.sleb128 -9
 700 01e9 00       		.byte	0
 701 01ea 0F       		.uleb128 0xf
 702 01eb 01       		.byte	0x1
 703 01ec 7F000000 		.4byte	.LASF28
 704 01f0 01       		.byte	0x1
 705 01f1 0101     		.2byte	0x101
 706 01f3 01       		.byte	0x1
 707 01f4 00000000 		.4byte	.LFB7
 708 01f8 18000000 		.4byte	.LFE7
 709 01fc 70010000 		.4byte	.LLST7
 710 0200 01       		.byte	0x1
 711 0201 10       		.uleb128 0x10
 712 0202 01       		.byte	0x1
 713 0203 F8010000 		.4byte	.LASF35
 714 0207 01       		.byte	0x1
 715 0208 1601     		.2byte	0x116
 716 020a 01       		.byte	0x1
 717 020b 85000000 		.4byte	0x85
 718 020f 00000000 		.4byte	.LFB8
 719 0213 28000000 		.4byte	.LFE8
 720 0217 9C010000 		.4byte	.LLST8
 721 021b 01       		.byte	0x1
 722 021c 0F       		.uleb128 0xf
 723 021d 01       		.byte	0x1
 724 021e D4010000 		.4byte	.LASF29
 725 0222 01       		.byte	0x1
 726 0223 2B01     		.2byte	0x12b
 727 0225 01       		.byte	0x1
 728 0226 00000000 		.4byte	.LFB9
 729 022a 18000000 		.4byte	.LFE9
 730 022e C8010000 		.4byte	.LLST9
 731 0232 01       		.byte	0x1
 732 0233 0F       		.uleb128 0xf
 733 0234 01       		.byte	0x1
 734 0235 26010000 		.4byte	.LASF30
 735 0239 01       		.byte	0x1
 736 023a 4101     		.2byte	0x141
 737 023c 01       		.byte	0x1
 738 023d 00000000 		.4byte	.LFB10
 739 0241 18000000 		.4byte	.LFE10
ARM GAS  C:\Users\gmh5970\AppData\Local\Temp\cczKkCyg.s 			page 20


 740 0245 F4010000 		.4byte	.LLST10
 741 0249 01       		.byte	0x1
 742 024a 0F       		.uleb128 0xf
 743 024b 01       		.byte	0x1
 744 024c 8E020000 		.4byte	.LASF31
 745 0250 01       		.byte	0x1
 746 0251 5501     		.2byte	0x155
 747 0253 01       		.byte	0x1
 748 0254 00000000 		.4byte	.LFB11
 749 0258 18000000 		.4byte	.LFE11
 750 025c 20020000 		.4byte	.LLST11
 751 0260 01       		.byte	0x1
 752 0261 00       		.byte	0
 753              		.section	.debug_abbrev,"",%progbits
 754              	.Ldebug_abbrev0:
 755 0000 01       		.uleb128 0x1
 756 0001 11       		.uleb128 0x11
 757 0002 01       		.byte	0x1
 758 0003 25       		.uleb128 0x25
 759 0004 0E       		.uleb128 0xe
 760 0005 13       		.uleb128 0x13
 761 0006 0B       		.uleb128 0xb
 762 0007 03       		.uleb128 0x3
 763 0008 0E       		.uleb128 0xe
 764 0009 1B       		.uleb128 0x1b
 765 000a 0E       		.uleb128 0xe
 766 000b 55       		.uleb128 0x55
 767 000c 06       		.uleb128 0x6
 768 000d 11       		.uleb128 0x11
 769 000e 01       		.uleb128 0x1
 770 000f 52       		.uleb128 0x52
 771 0010 01       		.uleb128 0x1
 772 0011 10       		.uleb128 0x10
 773 0012 06       		.uleb128 0x6
 774 0013 00       		.byte	0
 775 0014 00       		.byte	0
 776 0015 02       		.uleb128 0x2
 777 0016 24       		.uleb128 0x24
 778 0017 00       		.byte	0
 779 0018 0B       		.uleb128 0xb
 780 0019 0B       		.uleb128 0xb
 781 001a 3E       		.uleb128 0x3e
 782 001b 0B       		.uleb128 0xb
 783 001c 03       		.uleb128 0x3
 784 001d 0E       		.uleb128 0xe
 785 001e 00       		.byte	0
 786 001f 00       		.byte	0
 787 0020 03       		.uleb128 0x3
 788 0021 24       		.uleb128 0x24
 789 0022 00       		.byte	0
 790 0023 0B       		.uleb128 0xb
 791 0024 0B       		.uleb128 0xb
 792 0025 3E       		.uleb128 0x3e
 793 0026 0B       		.uleb128 0xb
 794 0027 03       		.uleb128 0x3
 795 0028 08       		.uleb128 0x8
 796 0029 00       		.byte	0
ARM GAS  C:\Users\gmh5970\AppData\Local\Temp\cczKkCyg.s 			page 21


 797 002a 00       		.byte	0
 798 002b 04       		.uleb128 0x4
 799 002c 15       		.uleb128 0x15
 800 002d 00       		.byte	0
 801 002e 27       		.uleb128 0x27
 802 002f 0C       		.uleb128 0xc
 803 0030 00       		.byte	0
 804 0031 00       		.byte	0
 805 0032 05       		.uleb128 0x5
 806 0033 0F       		.uleb128 0xf
 807 0034 00       		.byte	0
 808 0035 0B       		.uleb128 0xb
 809 0036 0B       		.uleb128 0xb
 810 0037 49       		.uleb128 0x49
 811 0038 13       		.uleb128 0x13
 812 0039 00       		.byte	0
 813 003a 00       		.byte	0
 814 003b 06       		.uleb128 0x6
 815 003c 16       		.uleb128 0x16
 816 003d 00       		.byte	0
 817 003e 03       		.uleb128 0x3
 818 003f 0E       		.uleb128 0xe
 819 0040 3A       		.uleb128 0x3a
 820 0041 0B       		.uleb128 0xb
 821 0042 3B       		.uleb128 0x3b
 822 0043 0B       		.uleb128 0xb
 823 0044 49       		.uleb128 0x49
 824 0045 13       		.uleb128 0x13
 825 0046 00       		.byte	0
 826 0047 00       		.byte	0
 827 0048 07       		.uleb128 0x7
 828 0049 35       		.uleb128 0x35
 829 004a 00       		.byte	0
 830 004b 49       		.uleb128 0x49
 831 004c 13       		.uleb128 0x13
 832 004d 00       		.byte	0
 833 004e 00       		.byte	0
 834 004f 08       		.uleb128 0x8
 835 0050 16       		.uleb128 0x16
 836 0051 00       		.byte	0
 837 0052 03       		.uleb128 0x3
 838 0053 0E       		.uleb128 0xe
 839 0054 3A       		.uleb128 0x3a
 840 0055 0B       		.uleb128 0xb
 841 0056 3B       		.uleb128 0x3b
 842 0057 05       		.uleb128 0x5
 843 0058 49       		.uleb128 0x49
 844 0059 13       		.uleb128 0x13
 845 005a 00       		.byte	0
 846 005b 00       		.byte	0
 847 005c 09       		.uleb128 0x9
 848 005d 2E       		.uleb128 0x2e
 849 005e 00       		.byte	0
 850 005f 3F       		.uleb128 0x3f
 851 0060 0C       		.uleb128 0xc
 852 0061 03       		.uleb128 0x3
 853 0062 0E       		.uleb128 0xe
ARM GAS  C:\Users\gmh5970\AppData\Local\Temp\cczKkCyg.s 			page 22


 854 0063 3A       		.uleb128 0x3a
 855 0064 0B       		.uleb128 0xb
 856 0065 3B       		.uleb128 0x3b
 857 0066 0B       		.uleb128 0xb
 858 0067 27       		.uleb128 0x27
 859 0068 0C       		.uleb128 0xc
 860 0069 11       		.uleb128 0x11
 861 006a 01       		.uleb128 0x1
 862 006b 12       		.uleb128 0x12
 863 006c 01       		.uleb128 0x1
 864 006d 40       		.uleb128 0x40
 865 006e 06       		.uleb128 0x6
 866 006f 9642     		.uleb128 0x2116
 867 0071 0C       		.uleb128 0xc
 868 0072 00       		.byte	0
 869 0073 00       		.byte	0
 870 0074 0A       		.uleb128 0xa
 871 0075 2E       		.uleb128 0x2e
 872 0076 01       		.byte	0x1
 873 0077 3F       		.uleb128 0x3f
 874 0078 0C       		.uleb128 0xc
 875 0079 03       		.uleb128 0x3
 876 007a 0E       		.uleb128 0xe
 877 007b 3A       		.uleb128 0x3a
 878 007c 0B       		.uleb128 0xb
 879 007d 3B       		.uleb128 0x3b
 880 007e 0B       		.uleb128 0xb
 881 007f 27       		.uleb128 0x27
 882 0080 0C       		.uleb128 0xc
 883 0081 11       		.uleb128 0x11
 884 0082 01       		.uleb128 0x1
 885 0083 12       		.uleb128 0x12
 886 0084 01       		.uleb128 0x1
 887 0085 40       		.uleb128 0x40
 888 0086 06       		.uleb128 0x6
 889 0087 9642     		.uleb128 0x2116
 890 0089 0C       		.uleb128 0xc
 891 008a 01       		.uleb128 0x1
 892 008b 13       		.uleb128 0x13
 893 008c 00       		.byte	0
 894 008d 00       		.byte	0
 895 008e 0B       		.uleb128 0xb
 896 008f 05       		.uleb128 0x5
 897 0090 00       		.byte	0
 898 0091 03       		.uleb128 0x3
 899 0092 0E       		.uleb128 0xe
 900 0093 3A       		.uleb128 0x3a
 901 0094 0B       		.uleb128 0xb
 902 0095 3B       		.uleb128 0x3b
 903 0096 0B       		.uleb128 0xb
 904 0097 49       		.uleb128 0x49
 905 0098 13       		.uleb128 0x13
 906 0099 02       		.uleb128 0x2
 907 009a 0A       		.uleb128 0xa
 908 009b 00       		.byte	0
 909 009c 00       		.byte	0
 910 009d 0C       		.uleb128 0xc
ARM GAS  C:\Users\gmh5970\AppData\Local\Temp\cczKkCyg.s 			page 23


 911 009e 2E       		.uleb128 0x2e
 912 009f 01       		.byte	0x1
 913 00a0 3F       		.uleb128 0x3f
 914 00a1 0C       		.uleb128 0xc
 915 00a2 03       		.uleb128 0x3
 916 00a3 0E       		.uleb128 0xe
 917 00a4 3A       		.uleb128 0x3a
 918 00a5 0B       		.uleb128 0xb
 919 00a6 3B       		.uleb128 0x3b
 920 00a7 0B       		.uleb128 0xb
 921 00a8 27       		.uleb128 0x27
 922 00a9 0C       		.uleb128 0xc
 923 00aa 11       		.uleb128 0x11
 924 00ab 01       		.uleb128 0x1
 925 00ac 12       		.uleb128 0x12
 926 00ad 01       		.uleb128 0x1
 927 00ae 40       		.uleb128 0x40
 928 00af 06       		.uleb128 0x6
 929 00b0 9742     		.uleb128 0x2117
 930 00b2 0C       		.uleb128 0xc
 931 00b3 01       		.uleb128 0x1
 932 00b4 13       		.uleb128 0x13
 933 00b5 00       		.byte	0
 934 00b6 00       		.byte	0
 935 00b7 0D       		.uleb128 0xd
 936 00b8 34       		.uleb128 0x34
 937 00b9 00       		.byte	0
 938 00ba 03       		.uleb128 0x3
 939 00bb 0E       		.uleb128 0xe
 940 00bc 3A       		.uleb128 0x3a
 941 00bd 0B       		.uleb128 0xb
 942 00be 3B       		.uleb128 0x3b
 943 00bf 0B       		.uleb128 0xb
 944 00c0 49       		.uleb128 0x49
 945 00c1 13       		.uleb128 0x13
 946 00c2 02       		.uleb128 0x2
 947 00c3 0A       		.uleb128 0xa
 948 00c4 00       		.byte	0
 949 00c5 00       		.byte	0
 950 00c6 0E       		.uleb128 0xe
 951 00c7 2E       		.uleb128 0x2e
 952 00c8 01       		.byte	0x1
 953 00c9 3F       		.uleb128 0x3f
 954 00ca 0C       		.uleb128 0xc
 955 00cb 03       		.uleb128 0x3
 956 00cc 0E       		.uleb128 0xe
 957 00cd 3A       		.uleb128 0x3a
 958 00ce 0B       		.uleb128 0xb
 959 00cf 3B       		.uleb128 0x3b
 960 00d0 0B       		.uleb128 0xb
 961 00d1 27       		.uleb128 0x27
 962 00d2 0C       		.uleb128 0xc
 963 00d3 49       		.uleb128 0x49
 964 00d4 13       		.uleb128 0x13
 965 00d5 11       		.uleb128 0x11
 966 00d6 01       		.uleb128 0x1
 967 00d7 12       		.uleb128 0x12
ARM GAS  C:\Users\gmh5970\AppData\Local\Temp\cczKkCyg.s 			page 24


 968 00d8 01       		.uleb128 0x1
 969 00d9 40       		.uleb128 0x40
 970 00da 06       		.uleb128 0x6
 971 00db 9742     		.uleb128 0x2117
 972 00dd 0C       		.uleb128 0xc
 973 00de 01       		.uleb128 0x1
 974 00df 13       		.uleb128 0x13
 975 00e0 00       		.byte	0
 976 00e1 00       		.byte	0
 977 00e2 0F       		.uleb128 0xf
 978 00e3 2E       		.uleb128 0x2e
 979 00e4 00       		.byte	0
 980 00e5 3F       		.uleb128 0x3f
 981 00e6 0C       		.uleb128 0xc
 982 00e7 03       		.uleb128 0x3
 983 00e8 0E       		.uleb128 0xe
 984 00e9 3A       		.uleb128 0x3a
 985 00ea 0B       		.uleb128 0xb
 986 00eb 3B       		.uleb128 0x3b
 987 00ec 05       		.uleb128 0x5
 988 00ed 27       		.uleb128 0x27
 989 00ee 0C       		.uleb128 0xc
 990 00ef 11       		.uleb128 0x11
 991 00f0 01       		.uleb128 0x1
 992 00f1 12       		.uleb128 0x12
 993 00f2 01       		.uleb128 0x1
 994 00f3 40       		.uleb128 0x40
 995 00f4 06       		.uleb128 0x6
 996 00f5 9742     		.uleb128 0x2117
 997 00f7 0C       		.uleb128 0xc
 998 00f8 00       		.byte	0
 999 00f9 00       		.byte	0
 1000 00fa 10       		.uleb128 0x10
 1001 00fb 2E       		.uleb128 0x2e
 1002 00fc 00       		.byte	0
 1003 00fd 3F       		.uleb128 0x3f
 1004 00fe 0C       		.uleb128 0xc
 1005 00ff 03       		.uleb128 0x3
 1006 0100 0E       		.uleb128 0xe
 1007 0101 3A       		.uleb128 0x3a
 1008 0102 0B       		.uleb128 0xb
 1009 0103 3B       		.uleb128 0x3b
 1010 0104 05       		.uleb128 0x5
 1011 0105 27       		.uleb128 0x27
 1012 0106 0C       		.uleb128 0xc
 1013 0107 49       		.uleb128 0x49
 1014 0108 13       		.uleb128 0x13
 1015 0109 11       		.uleb128 0x11
 1016 010a 01       		.uleb128 0x1
 1017 010b 12       		.uleb128 0x12
 1018 010c 01       		.uleb128 0x1
 1019 010d 40       		.uleb128 0x40
 1020 010e 06       		.uleb128 0x6
 1021 010f 9742     		.uleb128 0x2117
 1022 0111 0C       		.uleb128 0xc
 1023 0112 00       		.byte	0
 1024 0113 00       		.byte	0
ARM GAS  C:\Users\gmh5970\AppData\Local\Temp\cczKkCyg.s 			page 25


 1025 0114 00       		.byte	0
 1026              		.section	.debug_loc,"",%progbits
 1027              	.Ldebug_loc0:
 1028              	.LLST0:
 1029 0000 00000000 		.4byte	.LFB0
 1030 0004 02000000 		.4byte	.LCFI0
 1031 0008 0200     		.2byte	0x2
 1032 000a 7D       		.byte	0x7d
 1033 000b 00       		.sleb128 0
 1034 000c 02000000 		.4byte	.LCFI0
 1035 0010 04000000 		.4byte	.LCFI1
 1036 0014 0200     		.2byte	0x2
 1037 0016 7D       		.byte	0x7d
 1038 0017 08       		.sleb128 8
 1039 0018 04000000 		.4byte	.LCFI1
 1040 001c 22000000 		.4byte	.LFE0
 1041 0020 0200     		.2byte	0x2
 1042 0022 77       		.byte	0x77
 1043 0023 08       		.sleb128 8
 1044 0024 00000000 		.4byte	0
 1045 0028 00000000 		.4byte	0
 1046              	.LLST1:
 1047 002c 00000000 		.4byte	.LFB1
 1048 0030 02000000 		.4byte	.LCFI2
 1049 0034 0200     		.2byte	0x2
 1050 0036 7D       		.byte	0x7d
 1051 0037 00       		.sleb128 0
 1052 0038 02000000 		.4byte	.LCFI2
 1053 003c 04000000 		.4byte	.LCFI3
 1054 0040 0200     		.2byte	0x2
 1055 0042 7D       		.byte	0x7d
 1056 0043 08       		.sleb128 8
 1057 0044 04000000 		.4byte	.LCFI3
 1058 0048 06000000 		.4byte	.LCFI4
 1059 004c 0200     		.2byte	0x2
 1060 004e 7D       		.byte	0x7d
 1061 004f 10       		.sleb128 16
 1062 0050 06000000 		.4byte	.LCFI4
 1063 0054 26000000 		.4byte	.LFE1
 1064 0058 0200     		.2byte	0x2
 1065 005a 77       		.byte	0x77
 1066 005b 10       		.sleb128 16
 1067 005c 00000000 		.4byte	0
 1068 0060 00000000 		.4byte	0
 1069              	.LLST2:
 1070 0064 00000000 		.4byte	.LFB2
 1071 0068 02000000 		.4byte	.LCFI5
 1072 006c 0200     		.2byte	0x2
 1073 006e 7D       		.byte	0x7d
 1074 006f 00       		.sleb128 0
 1075 0070 02000000 		.4byte	.LCFI5
 1076 0074 04000000 		.4byte	.LCFI6
 1077 0078 0200     		.2byte	0x2
 1078 007a 7D       		.byte	0x7d
 1079 007b 08       		.sleb128 8
 1080 007c 04000000 		.4byte	.LCFI6
 1081 0080 16000000 		.4byte	.LFE2
ARM GAS  C:\Users\gmh5970\AppData\Local\Temp\cczKkCyg.s 			page 26


 1082 0084 0200     		.2byte	0x2
 1083 0086 77       		.byte	0x77
 1084 0087 08       		.sleb128 8
 1085 0088 00000000 		.4byte	0
 1086 008c 00000000 		.4byte	0
 1087              	.LLST3:
 1088 0090 00000000 		.4byte	.LFB3
 1089 0094 02000000 		.4byte	.LCFI7
 1090 0098 0200     		.2byte	0x2
 1091 009a 7D       		.byte	0x7d
 1092 009b 00       		.sleb128 0
 1093 009c 02000000 		.4byte	.LCFI7
 1094 00a0 04000000 		.4byte	.LCFI8
 1095 00a4 0200     		.2byte	0x2
 1096 00a6 7D       		.byte	0x7d
 1097 00a7 04       		.sleb128 4
 1098 00a8 04000000 		.4byte	.LCFI8
 1099 00ac 06000000 		.4byte	.LCFI9
 1100 00b0 0200     		.2byte	0x2
 1101 00b2 7D       		.byte	0x7d
 1102 00b3 18       		.sleb128 24
 1103 00b4 06000000 		.4byte	.LCFI9
 1104 00b8 28000000 		.4byte	.LFE3
 1105 00bc 0200     		.2byte	0x2
 1106 00be 77       		.byte	0x77
 1107 00bf 18       		.sleb128 24
 1108 00c0 00000000 		.4byte	0
 1109 00c4 00000000 		.4byte	0
 1110              	.LLST4:
 1111 00c8 00000000 		.4byte	.LFB4
 1112 00cc 02000000 		.4byte	.LCFI10
 1113 00d0 0200     		.2byte	0x2
 1114 00d2 7D       		.byte	0x7d
 1115 00d3 00       		.sleb128 0
 1116 00d4 02000000 		.4byte	.LCFI10
 1117 00d8 04000000 		.4byte	.LCFI11
 1118 00dc 0200     		.2byte	0x2
 1119 00de 7D       		.byte	0x7d
 1120 00df 04       		.sleb128 4
 1121 00e0 04000000 		.4byte	.LCFI11
 1122 00e4 06000000 		.4byte	.LCFI12
 1123 00e8 0200     		.2byte	0x2
 1124 00ea 7D       		.byte	0x7d
 1125 00eb 10       		.sleb128 16
 1126 00ec 06000000 		.4byte	.LCFI12
 1127 00f0 22000000 		.4byte	.LFE4
 1128 00f4 0200     		.2byte	0x2
 1129 00f6 77       		.byte	0x77
 1130 00f7 10       		.sleb128 16
 1131 00f8 00000000 		.4byte	0
 1132 00fc 00000000 		.4byte	0
 1133              	.LLST5:
 1134 0100 00000000 		.4byte	.LFB5
 1135 0104 02000000 		.4byte	.LCFI13
 1136 0108 0200     		.2byte	0x2
 1137 010a 7D       		.byte	0x7d
 1138 010b 00       		.sleb128 0
ARM GAS  C:\Users\gmh5970\AppData\Local\Temp\cczKkCyg.s 			page 27


 1139 010c 02000000 		.4byte	.LCFI13
 1140 0110 04000000 		.4byte	.LCFI14
 1141 0114 0200     		.2byte	0x2
 1142 0116 7D       		.byte	0x7d
 1143 0117 04       		.sleb128 4
 1144 0118 04000000 		.4byte	.LCFI14
 1145 011c 06000000 		.4byte	.LCFI15
 1146 0120 0200     		.2byte	0x2
 1147 0122 7D       		.byte	0x7d
 1148 0123 10       		.sleb128 16
 1149 0124 06000000 		.4byte	.LCFI15
 1150 0128 26000000 		.4byte	.LFE5
 1151 012c 0200     		.2byte	0x2
 1152 012e 77       		.byte	0x77
 1153 012f 10       		.sleb128 16
 1154 0130 00000000 		.4byte	0
 1155 0134 00000000 		.4byte	0
 1156              	.LLST6:
 1157 0138 00000000 		.4byte	.LFB6
 1158 013c 02000000 		.4byte	.LCFI16
 1159 0140 0200     		.2byte	0x2
 1160 0142 7D       		.byte	0x7d
 1161 0143 00       		.sleb128 0
 1162 0144 02000000 		.4byte	.LCFI16
 1163 0148 04000000 		.4byte	.LCFI17
 1164 014c 0200     		.2byte	0x2
 1165 014e 7D       		.byte	0x7d
 1166 014f 04       		.sleb128 4
 1167 0150 04000000 		.4byte	.LCFI17
 1168 0154 06000000 		.4byte	.LCFI18
 1169 0158 0200     		.2byte	0x2
 1170 015a 7D       		.byte	0x7d
 1171 015b 10       		.sleb128 16
 1172 015c 06000000 		.4byte	.LCFI18
 1173 0160 26000000 		.4byte	.LFE6
 1174 0164 0200     		.2byte	0x2
 1175 0166 77       		.byte	0x77
 1176 0167 10       		.sleb128 16
 1177 0168 00000000 		.4byte	0
 1178 016c 00000000 		.4byte	0
 1179              	.LLST7:
 1180 0170 00000000 		.4byte	.LFB7
 1181 0174 02000000 		.4byte	.LCFI19
 1182 0178 0200     		.2byte	0x2
 1183 017a 7D       		.byte	0x7d
 1184 017b 00       		.sleb128 0
 1185 017c 02000000 		.4byte	.LCFI19
 1186 0180 04000000 		.4byte	.LCFI20
 1187 0184 0200     		.2byte	0x2
 1188 0186 7D       		.byte	0x7d
 1189 0187 04       		.sleb128 4
 1190 0188 04000000 		.4byte	.LCFI20
 1191 018c 18000000 		.4byte	.LFE7
 1192 0190 0200     		.2byte	0x2
 1193 0192 77       		.byte	0x77
 1194 0193 04       		.sleb128 4
 1195 0194 00000000 		.4byte	0
ARM GAS  C:\Users\gmh5970\AppData\Local\Temp\cczKkCyg.s 			page 28


 1196 0198 00000000 		.4byte	0
 1197              	.LLST8:
 1198 019c 00000000 		.4byte	.LFB8
 1199 01a0 02000000 		.4byte	.LCFI21
 1200 01a4 0200     		.2byte	0x2
 1201 01a6 7D       		.byte	0x7d
 1202 01a7 00       		.sleb128 0
 1203 01a8 02000000 		.4byte	.LCFI21
 1204 01ac 04000000 		.4byte	.LCFI22
 1205 01b0 0200     		.2byte	0x2
 1206 01b2 7D       		.byte	0x7d
 1207 01b3 04       		.sleb128 4
 1208 01b4 04000000 		.4byte	.LCFI22
 1209 01b8 28000000 		.4byte	.LFE8
 1210 01bc 0200     		.2byte	0x2
 1211 01be 77       		.byte	0x77
 1212 01bf 04       		.sleb128 4
 1213 01c0 00000000 		.4byte	0
 1214 01c4 00000000 		.4byte	0
 1215              	.LLST9:
 1216 01c8 00000000 		.4byte	.LFB9
 1217 01cc 02000000 		.4byte	.LCFI23
 1218 01d0 0200     		.2byte	0x2
 1219 01d2 7D       		.byte	0x7d
 1220 01d3 00       		.sleb128 0
 1221 01d4 02000000 		.4byte	.LCFI23
 1222 01d8 04000000 		.4byte	.LCFI24
 1223 01dc 0200     		.2byte	0x2
 1224 01de 7D       		.byte	0x7d
 1225 01df 04       		.sleb128 4
 1226 01e0 04000000 		.4byte	.LCFI24
 1227 01e4 18000000 		.4byte	.LFE9
 1228 01e8 0200     		.2byte	0x2
 1229 01ea 77       		.byte	0x77
 1230 01eb 04       		.sleb128 4
 1231 01ec 00000000 		.4byte	0
 1232 01f0 00000000 		.4byte	0
 1233              	.LLST10:
 1234 01f4 00000000 		.4byte	.LFB10
 1235 01f8 02000000 		.4byte	.LCFI25
 1236 01fc 0200     		.2byte	0x2
 1237 01fe 7D       		.byte	0x7d
 1238 01ff 00       		.sleb128 0
 1239 0200 02000000 		.4byte	.LCFI25
 1240 0204 04000000 		.4byte	.LCFI26
 1241 0208 0200     		.2byte	0x2
 1242 020a 7D       		.byte	0x7d
 1243 020b 04       		.sleb128 4
 1244 020c 04000000 		.4byte	.LCFI26
 1245 0210 18000000 		.4byte	.LFE10
 1246 0214 0200     		.2byte	0x2
 1247 0216 77       		.byte	0x77
 1248 0217 04       		.sleb128 4
 1249 0218 00000000 		.4byte	0
 1250 021c 00000000 		.4byte	0
 1251              	.LLST11:
 1252 0220 00000000 		.4byte	.LFB11
ARM GAS  C:\Users\gmh5970\AppData\Local\Temp\cczKkCyg.s 			page 29


 1253 0224 02000000 		.4byte	.LCFI27
 1254 0228 0200     		.2byte	0x2
 1255 022a 7D       		.byte	0x7d
 1256 022b 00       		.sleb128 0
 1257 022c 02000000 		.4byte	.LCFI27
 1258 0230 04000000 		.4byte	.LCFI28
 1259 0234 0200     		.2byte	0x2
 1260 0236 7D       		.byte	0x7d
 1261 0237 04       		.sleb128 4
 1262 0238 04000000 		.4byte	.LCFI28
 1263 023c 18000000 		.4byte	.LFE11
 1264 0240 0200     		.2byte	0x2
 1265 0242 77       		.byte	0x77
 1266 0243 04       		.sleb128 4
 1267 0244 00000000 		.4byte	0
 1268 0248 00000000 		.4byte	0
 1269              		.section	.debug_aranges,"",%progbits
 1270 0000 74000000 		.4byte	0x74
 1271 0004 0200     		.2byte	0x2
 1272 0006 00000000 		.4byte	.Ldebug_info0
 1273 000a 04       		.byte	0x4
 1274 000b 00       		.byte	0
 1275 000c 0000     		.2byte	0
 1276 000e 0000     		.2byte	0
 1277 0010 00000000 		.4byte	.LFB0
 1278 0014 22000000 		.4byte	.LFE0-.LFB0
 1279 0018 00000000 		.4byte	.LFB1
 1280 001c 26000000 		.4byte	.LFE1-.LFB1
 1281 0020 00000000 		.4byte	.LFB2
 1282 0024 16000000 		.4byte	.LFE2-.LFB2
 1283 0028 00000000 		.4byte	.LFB3
 1284 002c 28000000 		.4byte	.LFE3-.LFB3
 1285 0030 00000000 		.4byte	.LFB4
 1286 0034 22000000 		.4byte	.LFE4-.LFB4
 1287 0038 00000000 		.4byte	.LFB5
 1288 003c 26000000 		.4byte	.LFE5-.LFB5
 1289 0040 00000000 		.4byte	.LFB6
 1290 0044 26000000 		.4byte	.LFE6-.LFB6
 1291 0048 00000000 		.4byte	.LFB7
 1292 004c 18000000 		.4byte	.LFE7-.LFB7
 1293 0050 00000000 		.4byte	.LFB8
 1294 0054 28000000 		.4byte	.LFE8-.LFB8
 1295 0058 00000000 		.4byte	.LFB9
 1296 005c 18000000 		.4byte	.LFE9-.LFB9
 1297 0060 00000000 		.4byte	.LFB10
 1298 0064 18000000 		.4byte	.LFE10-.LFB10
 1299 0068 00000000 		.4byte	.LFB11
 1300 006c 18000000 		.4byte	.LFE11-.LFB11
 1301 0070 00000000 		.4byte	0
 1302 0074 00000000 		.4byte	0
 1303              		.section	.debug_ranges,"",%progbits
 1304              	.Ldebug_ranges0:
 1305 0000 00000000 		.4byte	.LFB0
 1306 0004 22000000 		.4byte	.LFE0
 1307 0008 00000000 		.4byte	.LFB1
 1308 000c 26000000 		.4byte	.LFE1
 1309 0010 00000000 		.4byte	.LFB2
ARM GAS  C:\Users\gmh5970\AppData\Local\Temp\cczKkCyg.s 			page 30


 1310 0014 16000000 		.4byte	.LFE2
 1311 0018 00000000 		.4byte	.LFB3
 1312 001c 28000000 		.4byte	.LFE3
 1313 0020 00000000 		.4byte	.LFB4
 1314 0024 22000000 		.4byte	.LFE4
 1315 0028 00000000 		.4byte	.LFB5
 1316 002c 26000000 		.4byte	.LFE5
 1317 0030 00000000 		.4byte	.LFB6
 1318 0034 26000000 		.4byte	.LFE6
 1319 0038 00000000 		.4byte	.LFB7
 1320 003c 18000000 		.4byte	.LFE7
 1321 0040 00000000 		.4byte	.LFB8
 1322 0044 28000000 		.4byte	.LFE8
 1323 0048 00000000 		.4byte	.LFB9
 1324 004c 18000000 		.4byte	.LFE9
 1325 0050 00000000 		.4byte	.LFB10
 1326 0054 18000000 		.4byte	.LFE10
 1327 0058 00000000 		.4byte	.LFB11
 1328 005c 18000000 		.4byte	.LFE11
 1329 0060 00000000 		.4byte	0
 1330 0064 00000000 		.4byte	0
 1331              		.section	.debug_line,"",%progbits
 1332              	.Ldebug_line0:
 1333 0000 44010000 		.section	.debug_str,"MS",%progbits,1
 1333      02004D00 
 1333      00000201 
 1333      FB0E0D00 
 1333      01010101 
 1334              	.LASF21:
 1335 0000 73746172 		.ascii	"start_echo_IRR_SetVector\000"
 1335      745F6563 
 1335      686F5F49 
 1335      52525F53 
 1335      65745665 
 1336              	.LASF34:
 1337 0019 5C5C6D69 		.ascii	"\\\\mightor\\home\\spring2013\\gmh5970\\Documents\\"
 1337      6768746F 
 1337      725C686F 
 1337      6D655C73 
 1337      7072696E 
 1338 0045 50536F43 		.ascii	"PSoC Creator\\Fan_And_Potentiometer\\FW_Fan_Control"
 1338      20437265 
 1338      61746F72 
 1338      5C46616E 
 1338      5F416E64 
 1339 0076 30312E63 		.ascii	"01.cydsn\000"
 1339      7964736E 
 1339      00
 1340              	.LASF28:
 1341 007f 73746172 		.ascii	"start_echo_IRR_Enable\000"
 1341      745F6563 
 1341      686F5F49 
 1341      52525F45 
 1341      6E61626C 
 1342              	.LASF20:
 1343 0095 73746172 		.ascii	"start_echo_IRR_StartEx\000"
 1343      745F6563 
ARM GAS  C:\Users\gmh5970\AppData\Local\Temp\cczKkCyg.s 			page 31


 1343      686F5F49 
 1343      52525F53 
 1343      74617274 
 1344              	.LASF3:
 1345 00ac 73686F72 		.ascii	"short unsigned int\000"
 1345      7420756E 
 1345      7369676E 
 1345      65642069 
 1345      6E7400
 1346              	.LASF24:
 1347 00bf 73746172 		.ascii	"start_echo_IRR_SetPriority\000"
 1347      745F6563 
 1347      686F5F49 
 1347      52525F53 
 1347      65745072 
 1348              	.LASF13:
 1349 00da 666C6F61 		.ascii	"float\000"
 1349      7400
 1350              	.LASF18:
 1351 00e0 73746172 		.ascii	"start_echo_IRR_Start\000"
 1351      745F6563 
 1351      686F5F49 
 1351      52525F53 
 1351      74617274 
 1352              	.LASF19:
 1353 00f5 73746172 		.ascii	"start_echo_IRR_Stop\000"
 1353      745F6563 
 1353      686F5F49 
 1353      52525F53 
 1353      746F7000 
 1354              	.LASF15:
 1355 0109 72656738 		.ascii	"reg8\000"
 1355      00
 1356              	.LASF9:
 1357 010e 6C6F6E67 		.ascii	"long unsigned int\000"
 1357      20756E73 
 1357      69676E65 
 1357      6420696E 
 1357      7400
 1358              	.LASF11:
 1359 0120 75696E74 		.ascii	"uint8\000"
 1359      3800
 1360              	.LASF30:
 1361 0126 73746172 		.ascii	"start_echo_IRR_SetPending\000"
 1361      745F6563 
 1361      686F5F49 
 1361      52525F53 
 1361      65745065 
 1362              	.LASF25:
 1363 0140 7072696F 		.ascii	"priority\000"
 1363      72697479 
 1363      00
 1364              	.LASF1:
 1365 0149 756E7369 		.ascii	"unsigned char\000"
 1365      676E6564 
 1365      20636861 
 1365      7200
ARM GAS  C:\Users\gmh5970\AppData\Local\Temp\cczKkCyg.s 			page 32


 1366              	.LASF14:
 1367 0157 646F7562 		.ascii	"double\000"
 1367      6C6500
 1368              	.LASF26:
 1369 015e 73746172 		.ascii	"start_echo_IRR_GetVector\000"
 1369      745F6563 
 1369      686F5F49 
 1369      52525F47 
 1369      65745665 
 1370              	.LASF33:
 1371 0177 2E5C4765 		.ascii	".\\Generated_Source\\PSoC5\\start_echo_IRR.c\000"
 1371      6E657261 
 1371      7465645F 
 1371      536F7572 
 1371      63655C50 
 1372              	.LASF12:
 1373 01a1 75696E74 		.ascii	"uint32\000"
 1373      333200
 1374              	.LASF4:
 1375 01a8 756E7369 		.ascii	"unsigned int\000"
 1375      676E6564 
 1375      20696E74 
 1375      00
 1376              	.LASF22:
 1377 01b5 61646472 		.ascii	"address\000"
 1377      65737300 
 1378              	.LASF6:
 1379 01bd 6C6F6E67 		.ascii	"long long unsigned int\000"
 1379      206C6F6E 
 1379      6720756E 
 1379      7369676E 
 1379      65642069 
 1380              	.LASF29:
 1381 01d4 73746172 		.ascii	"start_echo_IRR_Disable\000"
 1381      745F6563 
 1381      686F5F49 
 1381      52525F44 
 1381      69736162 
 1382              	.LASF17:
 1383 01eb 63796973 		.ascii	"cyisraddress\000"
 1383      72616464 
 1383      72657373 
 1383      00
 1384              	.LASF35:
 1385 01f8 73746172 		.ascii	"start_echo_IRR_GetState\000"
 1385      745F6563 
 1385      686F5F49 
 1385      52525F47 
 1385      65745374 
 1386              	.LASF8:
 1387 0210 73697A65 		.ascii	"sizetype\000"
 1387      74797065 
 1387      00
 1388              	.LASF5:
 1389 0219 6C6F6E67 		.ascii	"long long int\000"
 1389      206C6F6E 
 1389      6720696E 
ARM GAS  C:\Users\gmh5970\AppData\Local\Temp\cczKkCyg.s 			page 33


 1389      7400
 1390              	.LASF10:
 1391 0227 63686172 		.ascii	"char\000"
 1391      00
 1392              	.LASF23:
 1393 022c 72616D56 		.ascii	"ramVectorTable\000"
 1393      6563746F 
 1393      72546162 
 1393      6C6500
 1394              	.LASF2:
 1395 023b 73686F72 		.ascii	"short int\000"
 1395      7420696E 
 1395      7400
 1396              	.LASF32:
 1397 0245 474E5520 		.ascii	"GNU C 4.7.3 20130312 (release) [ARM/embedded-4_7-br"
 1397      4320342E 
 1397      372E3320 
 1397      32303133 
 1397      30333132 
 1398 0278 616E6368 		.ascii	"anch revision 196615]\000"
 1398      20726576 
 1398      6973696F 
 1398      6E203139 
 1398      36363135 
 1399              	.LASF31:
 1400 028e 73746172 		.ascii	"start_echo_IRR_ClearPending\000"
 1400      745F6563 
 1400      686F5F49 
 1400      52525F43 
 1400      6C656172 
 1401              	.LASF7:
 1402 02aa 6C6F6E67 		.ascii	"long int\000"
 1402      20696E74 
 1402      00
 1403              	.LASF16:
 1404 02b3 72656733 		.ascii	"reg32\000"
 1404      3200
 1405              	.LASF27:
 1406 02b9 73746172 		.ascii	"start_echo_IRR_GetPriority\000"
 1406      745F6563 
 1406      686F5F49 
 1406      52525F47 
 1406      65745072 
 1407              	.LASF0:
 1408 02d4 7369676E 		.ascii	"signed char\000"
 1408      65642063 
 1408      68617200 
 1409              		.ident	"GCC: (GNU Tools for ARM Embedded Processors) 4.7.3 20130312 (release) [ARM/embedded-4_7-br
